23:40:22.147 [INFO] [org.gradle.launcher.daemon.server.Daemon] start() called on daemon - DefaultDaemonContext[uid=21a2676b-70c0-40ce-bfa9-ea95165f16f5,javaHome=C:\Program Files\Java\jdk1.8.0_74,daemonRegistryDir=C:\.gradle\daemon,pid=9500,idleTimeout=60000,daemonOpts=-XX:MaxPermSize=256m,-XX:+HeapDumpOnOutOfMemoryError,-Xmx1024m,-Dfile.encoding=windows-1252,-Duser.country=US,-Duser.language=en,-Duser.variant]
23:40:22.147 [DEBUG] [org.gradle.launcher.daemon.server.DaemonStateCoordinator] updating lastActivityAt to 1467776422147
23:40:22.194 [DEBUG] [org.gradle.messaging.remote.internal.inet.InetAddressFactory] Adding IP addresses for network interface Software Loopback Interface 1
23:40:22.194 [DEBUG] [org.gradle.messaging.remote.internal.inet.InetAddressFactory] Is this a loopback interface? true
23:40:22.194 [DEBUG] [org.gradle.messaging.remote.internal.inet.InetAddressFactory] Is this a multicast interface? true
23:40:22.194 [DEBUG] [org.gradle.messaging.remote.internal.inet.InetAddressFactory] Adding loopback address /127.0.0.1
23:40:22.194 [DEBUG] [org.gradle.messaging.remote.internal.inet.InetAddressFactory] Adding loopback address /0:0:0:0:0:0:0:1
23:40:22.194 [DEBUG] [org.gradle.messaging.remote.internal.inet.InetAddressFactory] Adding loopback multicast interface Software Loopback Interface 1
23:40:22.194 [DEBUG] [org.gradle.messaging.remote.internal.inet.InetAddressFactory] Adding IP addresses for network interface Realtek RTL8188EE 802.11 bgn Wi-Fi Adapter
23:40:22.194 [DEBUG] [org.gradle.messaging.remote.internal.inet.InetAddressFactory] Is this a loopback interface? false
23:40:22.194 [DEBUG] [org.gradle.messaging.remote.internal.inet.InetAddressFactory] Is this a multicast interface? true
23:40:22.194 [DEBUG] [org.gradle.messaging.remote.internal.inet.InetAddressFactory] Adding remote address /192.168.1.14
23:40:22.194 [DEBUG] [org.gradle.messaging.remote.internal.inet.InetAddressFactory] Adding remote address /fe80:0:0:0:1551:da32:6cd9:3118%wlan0
23:40:22.194 [DEBUG] [org.gradle.messaging.remote.internal.inet.InetAddressFactory] Adding remote multicast interface Realtek RTL8188EE 802.11 bgn Wi-Fi Adapter
23:40:22.194 [DEBUG] [org.gradle.messaging.remote.internal.inet.InetAddressFactory] Adding IP addresses for network interface Realtek PCIe GBE Family Controller
23:40:22.194 [DEBUG] [org.gradle.messaging.remote.internal.inet.InetAddressFactory] Is this a loopback interface? false
23:40:22.194 [DEBUG] [org.gradle.messaging.remote.internal.inet.InetAddressFactory] Is this a multicast interface? true
23:40:22.194 [DEBUG] [org.gradle.messaging.remote.internal.inet.InetAddressFactory] Adding remote address /fe80:0:0:0:7994:6b0f:80c1:8bd2%eth0
23:40:22.194 [DEBUG] [org.gradle.messaging.remote.internal.inet.InetAddressFactory] Adding remote multicast interface Realtek PCIe GBE Family Controller
23:40:22.194 [DEBUG] [org.gradle.messaging.remote.internal.inet.InetAddressFactory] Adding IP addresses for network interface Microsoft Kernel Debug Network Adapter
23:40:22.194 [DEBUG] [org.gradle.messaging.remote.internal.inet.InetAddressFactory] Is this a loopback interface? false
23:40:22.194 [DEBUG] [org.gradle.messaging.remote.internal.inet.InetAddressFactory] Is this a multicast interface? true
23:40:22.210 [DEBUG] [org.gradle.messaging.remote.internal.inet.InetAddressFactory] Adding loopback multicast interface Microsoft Kernel Debug Network Adapter
23:40:22.210 [DEBUG] [org.gradle.messaging.remote.internal.inet.InetAddressFactory] Adding IP addresses for network interface Microsoft ISATAP Adapter
23:40:22.210 [DEBUG] [org.gradle.messaging.remote.internal.inet.InetAddressFactory] Is this a loopback interface? false
23:40:22.210 [DEBUG] [org.gradle.messaging.remote.internal.inet.InetAddressFactory] Is this a multicast interface? false
23:40:22.210 [DEBUG] [org.gradle.messaging.remote.internal.inet.InetAddressFactory] Adding remote address /fe80:0:0:0:0:5efe:c0a8:10e%net0
23:40:22.210 [DEBUG] [org.gradle.messaging.remote.internal.inet.InetAddressFactory] Adding IP addresses for network interface Teredo Tunneling Pseudo-Interface
23:40:22.210 [DEBUG] [org.gradle.messaging.remote.internal.inet.InetAddressFactory] Is this a loopback interface? false
23:40:22.210 [DEBUG] [org.gradle.messaging.remote.internal.inet.InetAddressFactory] Is this a multicast interface? false
23:40:22.210 [DEBUG] [org.gradle.messaging.remote.internal.inet.InetAddressFactory] Adding remote address /2001:0:5ef5:79fd:812:1131:3f57:fef1
23:40:22.210 [DEBUG] [org.gradle.messaging.remote.internal.inet.InetAddressFactory] Adding remote address /fe80:0:0:0:812:1131:3f57:fef1%net1
23:40:22.210 [DEBUG] [org.gradle.messaging.remote.internal.inet.InetAddressFactory] Adding IP addresses for network interface Microsoft Wi-Fi Direct Virtual Adapter
23:40:22.210 [DEBUG] [org.gradle.messaging.remote.internal.inet.InetAddressFactory] Is this a loopback interface? false
23:40:22.210 [DEBUG] [org.gradle.messaging.remote.internal.inet.InetAddressFactory] Is this a multicast interface? true
23:40:22.210 [DEBUG] [org.gradle.messaging.remote.internal.inet.InetAddressFactory] Adding remote address /fe80:0:0:0:58a:c4ff:ade4:e097%wlan1
23:40:22.210 [DEBUG] [org.gradle.messaging.remote.internal.inet.InetAddressFactory] Adding remote multicast interface Microsoft Wi-Fi Direct Virtual Adapter
23:40:22.210 [DEBUG] [org.gradle.messaging.remote.internal.inet.InetAddressFactory] Adding IP addresses for network interface Realtek PCIe GBE Family Controller-WFP Native MAC Layer LightWeight Filter-0000
23:40:22.210 [DEBUG] [org.gradle.messaging.remote.internal.inet.InetAddressFactory] Is this a loopback interface? false
23:40:22.210 [DEBUG] [org.gradle.messaging.remote.internal.inet.InetAddressFactory] Is this a multicast interface? true
23:40:22.210 [DEBUG] [org.gradle.messaging.remote.internal.inet.InetAddressFactory] Adding loopback multicast interface Realtek PCIe GBE Family Controller-WFP Native MAC Layer LightWeight Filter-0000
23:40:22.210 [DEBUG] [org.gradle.messaging.remote.internal.inet.InetAddressFactory] Adding IP addresses for network interface Realtek PCIe GBE Family Controller-QoS Packet Scheduler-0000
23:40:22.210 [DEBUG] [org.gradle.messaging.remote.internal.inet.InetAddressFactory] Is this a loopback interface? false
23:40:22.210 [DEBUG] [org.gradle.messaging.remote.internal.inet.InetAddressFactory] Is this a multicast interface? true
23:40:22.225 [DEBUG] [org.gradle.messaging.remote.internal.inet.InetAddressFactory] Adding loopback multicast interface Realtek PCIe GBE Family Controller-QoS Packet Scheduler-0000
23:40:22.225 [DEBUG] [org.gradle.messaging.remote.internal.inet.InetAddressFactory] Adding IP addresses for network interface Realtek PCIe GBE Family Controller-WFP 802.3 MAC Layer LightWeight Filter-0000
23:40:22.225 [DEBUG] [org.gradle.messaging.remote.internal.inet.InetAddressFactory] Is this a loopback interface? false
23:40:22.225 [DEBUG] [org.gradle.messaging.remote.internal.inet.InetAddressFactory] Is this a multicast interface? true
23:40:22.225 [DEBUG] [org.gradle.messaging.remote.internal.inet.InetAddressFactory] Adding loopback multicast interface Realtek PCIe GBE Family Controller-WFP 802.3 MAC Layer LightWeight Filter-0000
23:40:22.225 [DEBUG] [org.gradle.messaging.remote.internal.inet.InetAddressFactory] Adding IP addresses for network interface Realtek RTL8188EE 802.11 bgn Wi-Fi Adapter-WFP Native MAC Layer LightWeight Filter-0000
23:40:22.225 [DEBUG] [org.gradle.messaging.remote.internal.inet.InetAddressFactory] Is this a loopback interface? false
23:40:22.225 [DEBUG] [org.gradle.messaging.remote.internal.inet.InetAddressFactory] Is this a multicast interface? true
23:40:22.225 [DEBUG] [org.gradle.messaging.remote.internal.inet.InetAddressFactory] Adding loopback multicast interface Realtek RTL8188EE 802.11 bgn Wi-Fi Adapter-WFP Native MAC Layer LightWeight Filter-0000
23:40:22.225 [DEBUG] [org.gradle.messaging.remote.internal.inet.InetAddressFactory] Adding IP addresses for network interface Realtek RTL8188EE 802.11 bgn Wi-Fi Adapter-Virtual WiFi Filter Driver-0000
23:40:22.225 [DEBUG] [org.gradle.messaging.remote.internal.inet.InetAddressFactory] Is this a loopback interface? false
23:40:22.225 [DEBUG] [org.gradle.messaging.remote.internal.inet.InetAddressFactory] Is this a multicast interface? true
23:40:22.225 [DEBUG] [org.gradle.messaging.remote.internal.inet.InetAddressFactory] Adding loopback multicast interface Realtek RTL8188EE 802.11 bgn Wi-Fi Adapter-Virtual WiFi Filter Driver-0000
23:40:22.225 [DEBUG] [org.gradle.messaging.remote.internal.inet.InetAddressFactory] Adding IP addresses for network interface Realtek RTL8188EE 802.11 bgn Wi-Fi Adapter-Native WiFi Filter Driver-0000
23:40:22.225 [DEBUG] [org.gradle.messaging.remote.internal.inet.InetAddressFactory] Is this a loopback interface? false
23:40:22.225 [DEBUG] [org.gradle.messaging.remote.internal.inet.InetAddressFactory] Is this a multicast interface? true
23:40:22.225 [DEBUG] [org.gradle.messaging.remote.internal.inet.InetAddressFactory] Adding loopback multicast interface Realtek RTL8188EE 802.11 bgn Wi-Fi Adapter-Native WiFi Filter Driver-0000
23:40:22.225 [DEBUG] [org.gradle.messaging.remote.internal.inet.InetAddressFactory] Adding IP addresses for network interface Realtek RTL8188EE 802.11 bgn Wi-Fi Adapter-QoS Packet Scheduler-0000
23:40:22.225 [DEBUG] [org.gradle.messaging.remote.internal.inet.InetAddressFactory] Is this a loopback interface? false
23:40:22.225 [DEBUG] [org.gradle.messaging.remote.internal.inet.InetAddressFactory] Is this a multicast interface? true
23:40:22.225 [DEBUG] [org.gradle.messaging.remote.internal.inet.InetAddressFactory] Adding loopback multicast interface Realtek RTL8188EE 802.11 bgn Wi-Fi Adapter-QoS Packet Scheduler-0000
23:40:22.225 [DEBUG] [org.gradle.messaging.remote.internal.inet.InetAddressFactory] Adding IP addresses for network interface Realtek RTL8188EE 802.11 bgn Wi-Fi Adapter-WFP 802.3 MAC Layer LightWeight Filter-0000
23:40:22.225 [DEBUG] [org.gradle.messaging.remote.internal.inet.InetAddressFactory] Is this a loopback interface? false
23:40:22.225 [DEBUG] [org.gradle.messaging.remote.internal.inet.InetAddressFactory] Is this a multicast interface? true
23:40:22.225 [DEBUG] [org.gradle.messaging.remote.internal.inet.InetAddressFactory] Adding loopback multicast interface Realtek RTL8188EE 802.11 bgn Wi-Fi Adapter-WFP 802.3 MAC Layer LightWeight Filter-0000
23:40:22.225 [DEBUG] [org.gradle.messaging.remote.internal.inet.InetAddressFactory] Adding IP addresses for network interface Microsoft Wi-Fi Direct Virtual Adapter-WFP Native MAC Layer LightWeight Filter-0000
23:40:22.225 [DEBUG] [org.gradle.messaging.remote.internal.inet.InetAddressFactory] Is this a loopback interface? false
23:40:22.241 [DEBUG] [org.gradle.messaging.remote.internal.inet.InetAddressFactory] Is this a multicast interface? true
23:40:22.241 [DEBUG] [org.gradle.messaging.remote.internal.inet.InetAddressFactory] Adding loopback multicast interface Microsoft Wi-Fi Direct Virtual Adapter-WFP Native MAC Layer LightWeight Filter-0000
23:40:22.241 [DEBUG] [org.gradle.messaging.remote.internal.inet.InetAddressFactory] Adding IP addresses for network interface Microsoft Wi-Fi Direct Virtual Adapter-Native WiFi Filter Driver-0000
23:40:22.241 [DEBUG] [org.gradle.messaging.remote.internal.inet.InetAddressFactory] Is this a loopback interface? false
23:40:22.241 [DEBUG] [org.gradle.messaging.remote.internal.inet.InetAddressFactory] Is this a multicast interface? true
23:40:22.241 [DEBUG] [org.gradle.messaging.remote.internal.inet.InetAddressFactory] Adding loopback multicast interface Microsoft Wi-Fi Direct Virtual Adapter-Native WiFi Filter Driver-0000
23:40:22.241 [DEBUG] [org.gradle.messaging.remote.internal.inet.InetAddressFactory] Adding IP addresses for network interface Microsoft Wi-Fi Direct Virtual Adapter-QoS Packet Scheduler-0000
23:40:22.241 [DEBUG] [org.gradle.messaging.remote.internal.inet.InetAddressFactory] Is this a loopback interface? false
23:40:22.241 [DEBUG] [org.gradle.messaging.remote.internal.inet.InetAddressFactory] Is this a multicast interface? true
23:40:22.241 [DEBUG] [org.gradle.messaging.remote.internal.inet.InetAddressFactory] Adding loopback multicast interface Microsoft Wi-Fi Direct Virtual Adapter-QoS Packet Scheduler-0000
23:40:22.241 [DEBUG] [org.gradle.messaging.remote.internal.inet.InetAddressFactory] Adding IP addresses for network interface Microsoft Wi-Fi Direct Virtual Adapter-WFP 802.3 MAC Layer LightWeight Filter-0000
23:40:22.241 [DEBUG] [org.gradle.messaging.remote.internal.inet.InetAddressFactory] Is this a loopback interface? false
23:40:22.241 [DEBUG] [org.gradle.messaging.remote.internal.inet.InetAddressFactory] Is this a multicast interface? true
23:40:22.241 [DEBUG] [org.gradle.messaging.remote.internal.inet.InetAddressFactory] Adding loopback multicast interface Microsoft Wi-Fi Direct Virtual Adapter-WFP 802.3 MAC Layer LightWeight Filter-0000
23:40:22.319 [DEBUG] [org.gradle.messaging.remote.internal.inet.TcpIncomingConnector] Listening on [418b24f0-ca1c-41cd-8635-20a1c8079cdf port:56465, addresses:[/127.0.0.1, /0:0:0:0:0:0:0:1]].
23:40:22.319 [DEBUG] [org.gradle.launcher.daemon.server.Daemon] Daemon starting at: Tue Jul 05 23:40:22 EDT 2016, with address: [418b24f0-ca1c-41cd-8635-20a1c8079cdf port:56465, addresses:[/127.0.0.1, /0:0:0:0:0:0:0:1]]
23:40:22.319 [INFO] [org.gradle.launcher.daemon.server.DomainRegistryUpdater] Advertising the daemon address to the clients: [418b24f0-ca1c-41cd-8635-20a1c8079cdf port:56465, addresses:[/127.0.0.1, /0:0:0:0:0:0:0:1]]
23:40:22.319 [DEBUG] [org.gradle.launcher.daemon.server.DomainRegistryUpdater] Advertised daemon context: DefaultDaemonContext[uid=21a2676b-70c0-40ce-bfa9-ea95165f16f5,javaHome=C:\Program Files\Java\jdk1.8.0_74,daemonRegistryDir=C:\.gradle\daemon,pid=9500,idleTimeout=60000,daemonOpts=-XX:MaxPermSize=256m,-XX:+HeapDumpOnOutOfMemoryError,-Xmx1024m,-Dfile.encoding=windows-1252,-Duser.country=US,-Duser.language=en,-Duser.variant]
23:40:22.319 [DEBUG] [org.gradle.launcher.daemon.registry.PersistentDaemonRegistry] Storing daemon address: [418b24f0-ca1c-41cd-8635-20a1c8079cdf port:56465, addresses:[/127.0.0.1, /0:0:0:0:0:0:0:1]], context: DefaultDaemonContext[uid=21a2676b-70c0-40ce-bfa9-ea95165f16f5,javaHome=C:\Program Files\Java\jdk1.8.0_74,daemonRegistryDir=C:\.gradle\daemon,pid=9500,idleTimeout=60000,daemonOpts=-XX:MaxPermSize=256m,-XX:+HeapDumpOnOutOfMemoryError,-Xmx1024m,-Dfile.encoding=windows-1252,-Duser.country=US,-Duser.language=en,-Duser.variant]
23:40:22.335 [DEBUG] [org.gradle.cache.internal.DefaultFileLockManager] Waiting to acquire exclusive lock on daemon addresses registry.
23:40:22.335 [DEBUG] [org.gradle.cache.internal.DefaultFileLockManager] Lock acquired.
23:40:22.335 [DEBUG] [org.gradle.cache.internal.DefaultFileLockManager] Releasing lock on daemon addresses registry.
23:40:22.335 [DEBUG] [org.gradle.cache.internal.DefaultFileLockManager] Waiting to acquire exclusive lock on daemon addresses registry.
23:40:22.335 [DEBUG] [org.gradle.cache.internal.DefaultFileLockManager] Lock acquired.
23:40:22.366 [DEBUG] [org.gradle.cache.internal.DefaultFileLockManager] Releasing lock on daemon addresses registry.
23:40:22.366 [LIFECYCLE] [org.gradle.launcher.daemon.server.Daemon] Daemon server started.
23:40:22.366 [DEBUG] [org.gradle.launcher.daemon.bootstrap.DaemonStartupCommunication] Completed writing the daemon greeting. Closing streams...
23:40:22.366 [DEBUG] [org.gradle.launcher.daemon.server.Daemon] requestStopOnIdleTimeout(60000 MILLISECONDS) called on daemon
23:40:22.366 [DEBUG] [org.gradle.launcher.daemon.server.DaemonStateCoordinator] Idle timeout: waiting for daemon to stop or be idle for 60000ms
23:40:22.366 [DEBUG] [org.gradle.launcher.daemon.server.DaemonStateCoordinator] Daemon is idle, sleeping until state change or idle timeout at Tue Jul 05 23:41:22 EDT 2016
23:40:22.397 [DEBUG] [org.gradle.messaging.remote.internal.inet.TcpIncomingConnector] Accepted connection from /127.0.0.1:56467 to /127.0.0.1:56465.
23:40:22.491 [DEBUG] [org.gradle.launcher.daemon.server.SynchronizedDispatchConnection] thread 16: received class org.gradle.launcher.daemon.protocol.Build
23:40:22.491 [DEBUG] [org.gradle.launcher.daemon.server.DefaultDaemonConnection] Received non-IO message from client: Build{id=e1f3d256-8213-400c-a429-574ebedb3112.1, currentDir=C:\Users\Yosmany\IntelliJIDEAProjects\LoginDemo}
23:40:22.491 [INFO] [org.gradle.launcher.daemon.server.DefaultIncomingConnectionHandler] Received command: Build{id=e1f3d256-8213-400c-a429-574ebedb3112.1, currentDir=C:\Users\Yosmany\IntelliJIDEAProjects\LoginDemo}.
23:40:22.491 [DEBUG] [org.gradle.launcher.daemon.server.DefaultIncomingConnectionHandler] Starting executing command: Build{id=e1f3d256-8213-400c-a429-574ebedb3112.1, currentDir=C:\Users\Yosmany\IntelliJIDEAProjects\LoginDemo} with connection: socket connection from /127.0.0.1:56465 to /127.0.0.1:56467.
23:40:22.507 [DEBUG] [org.gradle.launcher.daemon.server.DaemonStateCoordinator] Command execution: started DaemonCommandExecution[command = Build{id=e1f3d256-8213-400c-a429-574ebedb3112.1, currentDir=C:\Users\Yosmany\IntelliJIDEAProjects\LoginDemo}, connection = org.gradle.launcher.daemon.server.DefaultDaemonConnection@78a00216] after 0.0 minutes of idle
23:40:22.507 [INFO] [org.gradle.launcher.daemon.server.DomainRegistryUpdater] Marking the daemon as busy, address: [418b24f0-ca1c-41cd-8635-20a1c8079cdf port:56465, addresses:[/127.0.0.1, /0:0:0:0:0:0:0:1]]
23:40:22.507 [DEBUG] [org.gradle.launcher.daemon.registry.PersistentDaemonRegistry] Marking busy by address: [418b24f0-ca1c-41cd-8635-20a1c8079cdf port:56465, addresses:[/127.0.0.1, /0:0:0:0:0:0:0:1]]
23:40:22.507 [DEBUG] [org.gradle.cache.internal.DefaultFileLockManager] Waiting to acquire exclusive lock on daemon addresses registry.
23:40:22.507 [DEBUG] [org.gradle.cache.internal.DefaultFileLockManager] Lock acquired.
23:40:22.507 [DEBUG] [org.gradle.cache.internal.DefaultFileLockManager] Releasing lock on daemon addresses registry.
23:40:22.507 [DEBUG] [org.gradle.launcher.daemon.server.DaemonStateCoordinator] updating lastActivityAt to 1467776422507
23:40:22.507 [DEBUG] [org.gradle.launcher.daemon.server.DaemonStateCoordinator] Daemon is busy, sleeping until state changes.
23:40:22.507 [INFO] [org.gradle.launcher.daemon.server.exec.StartBuildOrRespondWithBusy] Daemon is about to start building Build{id=e1f3d256-8213-400c-a429-574ebedb3112.1, currentDir=C:\Users\Yosmany\IntelliJIDEAProjects\LoginDemo}. Dispatching build started information...
23:40:22.507 [DEBUG] [org.gradle.launcher.daemon.server.SynchronizedDispatchConnection] thread 18: dispatching class org.gradle.launcher.daemon.protocol.BuildStarted
23:40:22.522 [DEBUG] [org.gradle.launcher.daemon.server.exec.EstablishBuildEnvironment] Configuring env variables: {USERDOMAIN_ROAMINGPROFILE=hp-envy, LOCALAPPDATA=C:\Users\Yosmany\AppData\Local, PROCESSOR_LEVEL=6, Platform=MCD, FP_NO_HOST_CHECK=NO, USERDOMAIN=hp-envy, LOGONSERVER=\\HP-ENVY, SESSIONNAME=Console, ALLUSERSPROFILE=C:\ProgramData, PROCESSOR_ARCHITECTURE=x86, GRADLE_HOME=C:\gradle-2.8, PSModulePath=C:\WINDOWS\system32\WindowsPowerShell\v1.0\Modules\, SystemDrive=C:, asl.log=Destination=file, APPDATA=C:\Users\Yosmany\AppData\Roaming, USERNAME=Yosmany, PCBRAND=Pavilion, ProgramFiles(x86)=C:\Program Files (x86), CommonProgramFiles=C:\Program Files (x86)\Common Files, Path=C:\ProgramData\Oracle\Java\javapath;C:\Program Files (x86)\Intel\iCLS Client\;C:\Program Files\Intel\iCLS Client\;C:\WINDOWS\system32;C:\WINDOWS;C:\WINDOWS\System32\Wbem;C:\WINDOWS\System32\WindowsPowerShell\v1.0\;C:\Program Files (x86)\Windows Live\Shared;C:\Program Files\Intel\Intel(R) Management Engine Components\DAL;C:\Program Files\Intel\Intel(R) Management Engine Components\IPT;C:\Program Files (x86)\Intel\Intel(R) Management Engine Components\DAL;C:\Program Files (x86)\Intel\Intel(R) Management Engine Components\IPT;C:\Program Files\Hewlett-Packard\SimplePass\;C:\Program Files (x86)\Common Files\Acronis\SnapAPI\;C:\Program Files (x86)\QuickTime\QTSystem\;C:\Program Files (x86)\Skype\Phone\;C:\Program Files (x86)\NVIDIA Corporation\PhysX\Common;C:\gradle-2.8\bin, PATHEXT=.COM;.EXE;.BAT;.CMD;.VBS;.VBE;.JS;.JSE;.WSF;.WSH;.MSC, OS=Windows_NT, PROCESSOR_ARCHITEW6432=AMD64, COMPUTERNAME=HP-ENVY, OnlineServices=Online Services, PROCESSOR_REVISION=3c03, CommonProgramW6432=C:\Program Files\Common Files, ComSpec=C:\WINDOWS\system32\cmd.exe, ProgramData=C:\ProgramData, ProgramW6432=C:\Program Files, HOMEPATH=\Users\Yosmany, SystemRoot=C:\WINDOWS, TEMP=C:\Users\Yosmany\AppData\Local\Temp, HOMEDRIVE=C:, PROCESSOR_IDENTIFIER=Intel64 Family 6 Model 60 Stepping 3, GenuineIntel, USERPROFILE=C:\Users\Yosmany, TMP=C:\Users\Yosmany\AppData\Local\Temp, CommonProgramFiles(x86)=C:\Program Files (x86)\Common Files, ProgramFiles=C:\Program Files (x86), PUBLIC=C:\Users\Public, NUMBER_OF_PROCESSORS=8, windir=C:\WINDOWS}
23:40:22.522 [DEBUG] [org.gradle.launcher.daemon.server.SynchronizedDispatchConnection] thread 16: received class org.gradle.launcher.daemon.protocol.CloseInput
23:40:22.522 [DEBUG] [org.gradle.launcher.daemon.server.DefaultDaemonConnection] Received IO message from client: org.gradle.launcher.daemon.protocol.CloseInput@61244686
23:40:22.522 [DEBUG] [org.gradle.launcher.daemon.server.exec.LogToClient] About to start relaying all logs to the client via the connection.
23:40:22.522 [INFO] [org.gradle.launcher.daemon.server.exec.LogToClient] The client will now receive all logging from the daemon (pid: 9500). The daemon log file: C:\.gradle\daemon\2.8\daemon-9500.out.log
23:40:22.538 [INFO] [org.gradle.launcher.daemon.server.health.DaemonHealthTracker] Starting build in new daemon [memory: 954.7 MB]
23:40:22.538 [INFO] [org.gradle.launcher.daemon.server.exec.ForwardClientInput] Closing daemon's stdin at end of input.
23:40:22.538 [INFO] [org.gradle.launcher.daemon.server.exec.ForwardClientInput] The daemon will no longer process any standard input.
23:40:22.538 [DEBUG] [org.gradle.launcher.daemon.server.exec.ExecuteBuild] The daemon has started executing the build.
23:40:22.538 [INFO] [org.gradle.launcher.daemon.server.exec.ExecuteBuild] Executing build with daemon context: DefaultDaemonContext[uid=21a2676b-70c0-40ce-bfa9-ea95165f16f5,javaHome=C:\Program Files\Java\jdk1.8.0_74,daemonRegistryDir=C:\.gradle\daemon,pid=9500,idleTimeout=60000,daemonOpts=-XX:MaxPermSize=256m,-XX:+HeapDumpOnOutOfMemoryError,-Xmx1024m,-Dfile.encoding=windows-1252,-Duser.country=US,-Duser.language=en,-Duser.variant]
23:40:22.991 [DEBUG] [org.gradle.internal.nativeintegration.services.NativeServices] Native-platform posix files is not available.  Continuing with fallback.
23:40:23.163 [INFO] [org.gradle.tooling.internal.provider.DefaultPayloadClassLoaderRegistry] Creating ClassLoader 4952c5c9-621b-49c7-9286-73c343a78934 from [Spec classpath:[file:/C:/Program%20Files%20(x86)/JetBrains/IntelliJ%20IDEA%20Community%20Edition%202016.1.3/plugins/gradle/lib/gradle-tooling-api-2.9.jar, file:/C:/Program%20Files%20(x86)/JetBrains/IntelliJ%20IDEA%20Community%20Edition%202016.1.3/plugins/gradle/lib/guava-jdk5-17.0.jar, file:/C:/Program%20Files%20(x86)/JetBrains/IntelliJ%20IDEA%20Community%20Edition%202016.1.3/plugins/gradle/lib/gradle-base-services-2.9.jar, file:/C:/Program%20Files%20(x86)/JetBrains/IntelliJ%20IDEA%20Community%20Edition%202016.1.3/plugins/gradle/lib/gradle-tooling-extension-api.jar, file:/C:/Program%20Files%20(x86)/JetBrains/IntelliJ%20IDEA%20Community%20Edition%202016.1.3/lib/external-system-rt.jar, file:/C:/Program%20Files%20(x86)/JetBrains/IntelliJ%20IDEA%20Community%20Edition%202016.1.3/plugins/android/lib/builder-model-1.4.0-beta2.jar]] and [org.gradle.internal.classloader.FilteringClassLoader@6af98404].
23:40:23.163 [DEBUG] [org.gradle.cache.internal.DefaultFileLockManager] Waiting to acquire exclusive lock on jars (C:\.gradle\caches\jars-1).
23:40:23.163 [DEBUG] [org.gradle.cache.internal.DefaultFileLockManager] Lock acquired.
23:40:23.163 [DEBUG] [org.gradle.cache.internal.DefaultPersistentDirectoryCache] Invalidating org.gradle.cache.internal.DefaultPersistentDirectoryCache$Initializer@7ab7cc68 as it was not closed cleanly.
23:40:23.179 [DEBUG] [org.gradle.cache.internal.locklistener.DefaultFileLockContentionHandler] Starting file lock listener thread.
23:40:23.350 [DEBUG] [org.gradle.cache.internal.DefaultCacheAccess] Detected file lock contention of jars (C:\.gradle\caches\jars-1) (fileLock=true, contended=false, owner=Thread[Daemon worker,5,main])
23:40:23.350 [DEBUG] [org.gradle.cache.internal.DefaultCacheAccess] Detected file lock contention of jars (C:\.gradle\caches\jars-1) (fileLock=true, contended=true, owner=Thread[Daemon worker,5,main])
Download https://jcenter.bintray.com/com/android/tools/build/gradle/1.5.0/gradle-1.5.0.pom
Download https://jcenter.bintray.com/com/android/tools/build/gradle-core/1.5.0/gradle-core-1.5.0.pom
Download https://jcenter.bintray.com/com/android/databinding/compilerCommon/1.0-rc5/compilerCommon-1.0-rc5.pom
Download https://jcenter.bintray.com/org/jacoco/org.jacoco.build/0.7.4.201502262128/org.jacoco.build-0.7.4.201502262128.pom
Download https://jcenter.bintray.com/com/android/tools/common/24.5.0/common-24.5.0.pom
Download https://jcenter.bintray.com/com/android/tools/build/manifest-merger/24.5.0/manifest-merger-24.5.0.pom
Download https://jcenter.bintray.com/org/apache/commons/commons-lang3/3.3.2/commons-lang3-3.3.2.pom
Download https://jcenter.bintray.com/org/apache/commons/commons-parent/33/commons-parent-33.pom
Download https://jcenter.bintray.com/org/apache/commons/commons-parent/25/commons-parent-25.pom
Download https://jcenter.bintray.com/org/apache/apache/9/apache-9.pom
Download https://jcenter.bintray.com/com/googlecode/juniversalchardet/juniversalchardet/1.0.3/juniversalchardet-1.0.3.pom
Download https://jcenter.bintray.com/net/sf/proguard/proguard-base/5.2.1/proguard-base-5.2.1.pom
Download https://jcenter.bintray.com/com/android/tools/layoutlib/layoutlib-api/24.5.0/layoutlib-api-24.5.0.pom
Download https://jcenter.bintray.com/com/android/tools/dvlib/24.5.0/dvlib-24.5.0.pom
Download https://jcenter.bintray.com/com/google/code/gson/gson/2.2.4/gson-2.2.4.pom
Download https://jcenter.bintray.com/org/apache/httpcomponents/httpclient/4.1.1/httpclient-4.1.1.pom
Download https://jcenter.bintray.com/org/apache/httpcomponents/httpcomponents-client/4.1.1/httpcomponents-client-4.1.1.pom
Download https://jcenter.bintray.com/org/apache/httpcomponents/project/4.1.1/project-4.1.1.pom
Download https://jcenter.bintray.com/org/apache/httpcomponents/httpmime/4.1/httpmime-4.1.pom
Download https://jcenter.bintray.com/org/apache/httpcomponents/httpcomponents-client/4.1/httpcomponents-client-4.1.pom
Download https://jcenter.bintray.com/net/sf/kxml/kxml2/2.3.0/kxml2-2.3.0.pom
Download https://jcenter.bintray.com/org/antlr/ST4/4.0.8/ST4-4.0.8.pom
Download https://jcenter.bintray.com/com/android/tools/lint/lint-api/24.5.0/lint-api-24.5.0.pom
Download https://jcenter.bintray.com/org/ow2/asm/asm-analysis/5.0.3/asm-analysis-5.0.3.pom
Download https://jcenter.bintray.com/com/tunnelvisionlabs/antlr4-runtime/4.5/antlr4-runtime-4.5.pom
Download https://jcenter.bintray.com/com/tunnelvisionlabs/antlr4-annotations/4.5/antlr4-annotations-4.5.pom
Download https://jcenter.bintray.com/com/intellij/annotations/12.0/annotations-12.0.pom
Download https://jcenter.bintray.com/org/apache/httpcomponents/httpcore/4.1/httpcore-4.1.pom
Download https://jcenter.bintray.com/org/apache/httpcomponents/httpcomponents-core/4.1/httpcomponents-core-4.1.pom
Download https://jcenter.bintray.com/commons-logging/commons-logging/1.1.1/commons-logging-1.1.1.pom
Download https://jcenter.bintray.com/org/apache/commons/commons-parent/5/commons-parent-5.pom
Download https://jcenter.bintray.com/org/apache/apache/4/apache-4.pom
Download https://jcenter.bintray.com/commons-codec/commons-codec/1.4/commons-codec-1.4.pom
Download https://jcenter.bintray.com/org/apache/commons/commons-parent/11/commons-parent-11.pom
Download https://jcenter.bintray.com/com/android/tools/external/lombok/lombok-ast/0.2.3/lombok-ast-0.2.3.pom
Download https://jcenter.bintray.com/org/abego/treelayout/org.abego.treelayout.core/1.0.1/org.abego.treelayout.core-1.0.1.pom
Download https://jcenter.bintray.com/com/android/tools/build/gradle/1.5.0/gradle-1.5.0.jar
Download https://jcenter.bintray.com/com/android/tools/build/gradle-core/1.5.0/gradle-core-1.5.0.jar
Download https://jcenter.bintray.com/com/android/tools/sdklib/24.5.0/sdklib-24.5.0.jar
Download https://jcenter.bintray.com/com/android/tools/ddms/ddmlib/24.5.0/ddmlib-24.5.0.jar
Download https://jcenter.bintray.com/org/bouncycastle/bcpkix-jdk15on/1.48/bcpkix-jdk15on-1.48.jar
Download https://jcenter.bintray.com/org/bouncycastle/bcprov-jdk15on/1.48/bcprov-jdk15on-1.48.jar
Download https://jcenter.bintray.com/org/antlr/antlr/3.5.2/antlr-3.5.2.jar
Download https://jcenter.bintray.com/com/android/tools/lint/lint-checks/24.5.0/lint-checks-24.5.0.jar
Download https://jcenter.bintray.com/org/eclipse/jdt/core/compiler/ecj/4.4.2/ecj-4.4.2.jar
Download https://jcenter.bintray.com/com/google/guava/guava/17.0/guava-17.0.jar
Download https://jcenter.bintray.com/org/apache/commons/commons-lang3/3.3.2/commons-lang3-3.3.2.jar
Download https://jcenter.bintray.com/com/tunnelvisionlabs/antlr4/4.5/antlr4-4.5.jar
Download https://jcenter.bintray.com/com/googlecode/juniversalchardet/juniversalchardet/1.0.3/juniversalchardet-1.0.3.jar
Download https://jcenter.bintray.com/net/sf/proguard/proguard-base/5.2.1/proguard-base-5.2.1.jar
Download https://jcenter.bintray.com/org/ow2/asm/asm-debug-all/5.0.1/asm-debug-all-5.0.1.jar
Download https://jcenter.bintray.com/org/apache/commons/commons-compress/1.8.1/commons-compress-1.8.1.jar
Download https://jcenter.bintray.com/org/apache/httpcomponents/httpmime/4.1/httpmime-4.1.jar
Download https://jcenter.bintray.com/net/sf/kxml/kxml2/2.3.0/kxml2-2.3.0.jar
Download https://jcenter.bintray.com/org/antlr/ST4/4.0.8/ST4-4.0.8.jar
Download https://jcenter.bintray.com/org/ow2/asm/asm-analysis/5.0.3/asm-analysis-5.0.3.jar
Download https://jcenter.bintray.com/com/tunnelvisionlabs/antlr4-runtime/4.5/antlr4-runtime-4.5.jar
Download https://jcenter.bintray.com/com/android/tools/external/lombok/lombok-ast/0.2.3/lombok-ast-0.2.3.jar
Download https://jcenter.bintray.com/org/abego/treelayout/org.abego.treelayout.core/1.0.1/org.abego.treelayout.core-1.0.1.jar

BUILD SUCCESSFUL

Total time: 6 mins 29.379 secs
Download https://jcenter.bintray.com/net/sf/proguard/proguard-gradle/5.2.1/proguard-gradle-5.2.1-sources.jar
Download https://jcenter.bintray.com/com/android/tools/sdklib/24.5.0/sdklib-24.5.0-sources.jar
Download https://jcenter.bintray.com/com/android/tools/jack/jack-api/0.9.0/jack-api-0.9.0-sources.jar
Download https://jcenter.bintray.com/com/squareup/javawriter/2.5.0/javawriter-2.5.0-sources.jar
Download https://jcenter.bintray.com/com/google/guava/guava/17.0/guava-17.0-sources.jar
Download https://jcenter.bintray.com/com/android/databinding/baseLibrary/1.0-rc5/baseLibrary-1.0-rc5-sources.jar
Download https://jcenter.bintray.com/org/apache/commons/commons-compress/1.8.1/commons-compress-1.8.1-sources.jar
23:46:55.990 [DEBUG] [org.gradle.cache.internal.DefaultFileLockManager] Releasing lock on cp_init class cache for initialization script 'C:\Users\Yosmany\AppData\Local\Temp\ijinit.gradle' (C:\.gradle\caches\2.8\scripts\ijinit_c1zh18n29bdbtrs8clvpxlkrn\cp_init).
23:46:55.990 [DEBUG] [org.gradle.cache.internal.DefaultFileLockManager] Releasing lock on init class cache for initialization script 'C:\Users\Yosmany\AppData\Local\Temp\ijinit.gradle' (C:\.gradle\caches\2.8\scripts\ijinit_c1zh18n29bdbtrs8clvpxlkrn\init).
23:46:55.990 [DEBUG] [org.gradle.cache.internal.DefaultFileLockManager] Releasing lock on cp_settings class cache for settings file 'C:\Users\Yosmany\IntelliJIDEAProjects\LoginDemo\settings.gradle' (C:\.gradle\caches\2.8\scripts\settings_al8sssrmuhisn5ih6gu95isei\cp_settings).
23:46:55.990 [DEBUG] [org.gradle.cache.internal.DefaultFileLockManager] Releasing lock on settings class cache for settings file 'C:\Users\Yosmany\IntelliJIDEAProjects\LoginDemo\settings.gradle' (C:\.gradle\caches\2.8\scripts\settings_al8sssrmuhisn5ih6gu95isei\settings).
23:46:55.990 [DEBUG] [org.gradle.cache.internal.DefaultFileLockManager] Releasing lock on cp_proj class cache for build file 'C:\Users\Yosmany\IntelliJIDEAProjects\LoginDemo\build.gradle' (C:\.gradle\caches\2.8\scripts\build_8n8gp6a5kgrsapf43rf7t0g6c\cp_proj).
23:46:55.990 [DEBUG] [org.gradle.cache.internal.DefaultFileLockManager] Releasing lock on proj class cache for build file 'C:\Users\Yosmany\IntelliJIDEAProjects\LoginDemo\build.gradle' (C:\.gradle\caches\2.8\scripts\build_8n8gp6a5kgrsapf43rf7t0g6c\proj).
23:46:55.990 [DEBUG] [org.gradle.cache.internal.DefaultFileLockManager] Releasing lock on cp_proj class cache for build file 'C:\Users\Yosmany\IntelliJIDEAProjects\LoginDemo\app\build.gradle' (C:\.gradle\caches\2.8\scripts\build_ebkpeqpuqt2isg6y1tzk27o1s\cp_proj).
23:46:55.990 [DEBUG] [org.gradle.cache.internal.DefaultFileLockManager] Releasing lock on proj class cache for build file 'C:\Users\Yosmany\IntelliJIDEAProjects\LoginDemo\app\build.gradle' (C:\.gradle\caches\2.8\scripts\build_ebkpeqpuqt2isg6y1tzk27o1s\proj).
23:46:55.990 [DEBUG] [org.gradle.cache.internal.btree.BTreePersistentIndexedCache] Closing cache module-metadata.bin (C:\.gradle\caches\modules-2\metadata-2.16\module-metadata.bin)
23:46:55.990 [DEBUG] [org.gradle.cache.internal.btree.BTreePersistentIndexedCache] Closing cache module-artifacts.bin (C:\.gradle\caches\modules-2\metadata-2.16\module-artifacts.bin)
23:46:55.990 [DEBUG] [org.gradle.cache.internal.btree.BTreePersistentIndexedCache] Closing cache artifact-at-url.bin (C:\.gradle\caches\modules-2\metadata-2.16\artifact-at-url.bin)
23:46:55.990 [DEBUG] [org.gradle.cache.internal.btree.BTreePersistentIndexedCache] Closing cache artifact-at-repository.bin (C:\.gradle\caches\modules-2\metadata-2.16\artifact-at-repository.bin)
23:46:55.990 [DEBUG] [org.gradle.cache.internal.DefaultFileLockManager] Releasing lock on artifact cache (C:\.gradle\caches\modules-2).
23:46:56.005 [DEBUG] [org.gradle.cache.internal.DefaultCacheAccess] Cache artifact cache (C:\.gradle\caches\modules-2) was closed 82 times.
23:46:56.005 [DEBUG] [org.gradle.api.internal.artifacts.ivyservice.resolveengine.store.CachedStoreFactory] Resolved configuration cache closed. Cache reads: 0, disk reads: 0 (avg: 0.0 secs, total: 0.0 secs)
23:46:56.005 [DEBUG] [org.gradle.api.internal.artifacts.ivyservice.resolveengine.store.CachedStoreFactory] Resolution result cache closed. Cache reads: 4, disk reads: 11 (avg: 0.001 secs, total: 0.016 secs)
23:46:56.005 [DEBUG] [org.gradle.api.internal.artifacts.ivyservice.resolveengine.store.ResolutionResultsStoreFactory] Deleted 2 resolution results binary files in 0.0 secs
23:46:56.005 [DEBUG] [org.gradle.api.internal.artifacts.ivyservice.ivyresolve.memcache.InMemoryCachedRepositoryFactory] In-memory dependency metadata cache closed. Repos cached: 26, cache instances: 2, modules served from cache: 151, artifacts: 70
23:46:56.005 [DEBUG] [org.gradle.cache.internal.DefaultCacheAccess] Cache Plugin Resolution Cache (C:\.gradle\caches\2.8\plugin-resolution) was closed 0 times.
23:46:56.005 [DEBUG] [org.gradle.api.internal.tasks.compile.daemon.CompilerDaemonManager] Stopping 0 compiler daemon(s).
23:46:56.005 [INFO] [org.gradle.api.internal.tasks.compile.daemon.CompilerDaemonManager] Stopped 0 compiler daemon(s).
23:46:56.005 [DEBUG] [org.gradle.launcher.daemon.server.exec.ExecuteBuild] The daemon has finished executing the build.
23:46:56.302 [DEBUG] [org.gradle.launcher.daemon.server.DaemonStateCoordinator] Daemon is busy, sleeping until state changes.
23:46:56.302 [DEBUG] [org.gradle.launcher.daemon.server.DaemonStateCoordinator] Command execution: finished waiting for DaemonCommandExecution[command = Build{id=e1f3d256-8213-400c-a429-574ebedb3112.1, currentDir=C:\Users\Yosmany\IntelliJIDEAProjects\LoginDemo}, connection = org.gradle.launcher.daemon.server.DefaultDaemonConnection@78a00216]. Result org.gradle.launcher.daemon.server.DaemonStateCoordinator@3e328a7f with state Running
23:46:56.302 [DEBUG] [org.gradle.launcher.daemon.server.DaemonStateCoordinator] Command execution: completed DaemonCommandExecution[command = Build{id=e1f3d256-8213-400c-a429-574ebedb3112.1, currentDir=C:\Users\Yosmany\IntelliJIDEAProjects\LoginDemo}, connection = org.gradle.launcher.daemon.server.DefaultDaemonConnection@78a00216]
23:46:56.302 [DEBUG] [org.gradle.launcher.daemon.server.DaemonStateCoordinator] updating lastActivityAt to 1467776816302
23:46:56.302 [INFO] [org.gradle.launcher.daemon.server.DomainRegistryUpdater] Marking the daemon as idle, address: [418b24f0-ca1c-41cd-8635-20a1c8079cdf port:56465, addresses:[/127.0.0.1, /0:0:0:0:0:0:0:1]]
23:46:56.302 [DEBUG] [org.gradle.launcher.daemon.registry.PersistentDaemonRegistry] Marking idle by address: [418b24f0-ca1c-41cd-8635-20a1c8079cdf port:56465, addresses:[/127.0.0.1, /0:0:0:0:0:0:0:1]]
23:46:56.302 [DEBUG] [org.apache.http.impl.conn.PoolingClientConnectionManager] Connection manager is shutting down
23:46:56.302 [DEBUG] [org.apache.http.impl.conn.DefaultClientConnection] Connection 0.0.0.0:56494<->108.168.243.150:443 closed
23:46:56.302 [DEBUG] [org.apache.http.impl.conn.DefaultClientConnection] Connection 0.0.0.0:56499<->23.206.199.89:443 closed
23:46:56.302 [DEBUG] [org.apache.http.impl.conn.DefaultClientConnection] Connection 0.0.0.0:56494<->108.168.243.150:443 closed
23:46:56.302 [DEBUG] [org.apache.http.impl.conn.DefaultClientConnection] Connection 0.0.0.0:56499<->23.206.199.89:443 closed
23:46:56.302 [DEBUG] [org.apache.http.impl.conn.PoolingClientConnectionManager] Connection manager shut down
23:46:56.302 [DEBUG] [org.gradle.cache.internal.DefaultFileLockManager] Waiting to acquire exclusive lock on daemon addresses registry.
23:46:56.302 [DEBUG] [org.apache.http.impl.conn.PoolingClientConnectionManager] Connection manager is shutting down
23:46:56.302 [DEBUG] [org.apache.http.impl.conn.DefaultClientConnection] Connection 0.0.0.0:56642<->104.73.37.106:443 closed
23:46:56.302 [DEBUG] [org.apache.http.impl.conn.DefaultClientConnection] Connection 0.0.0.0:56641<->108.168.243.150:443 closed
23:46:56.302 [DEBUG] [org.gradle.cache.internal.DefaultFileLockManager] Lock acquired.
23:46:56.302 [DEBUG] [org.apache.http.impl.conn.DefaultClientConnection] Connection 0.0.0.0:56641<->108.168.243.150:443 closed
23:46:56.302 [DEBUG] [org.apache.http.impl.conn.DefaultClientConnection] Connection 0.0.0.0:56642<->104.73.37.106:443 closed
23:46:56.302 [DEBUG] [org.apache.http.impl.conn.PoolingClientConnectionManager] Connection manager shut down
23:46:56.318 [DEBUG] [org.gradle.cache.internal.DefaultFileLockManager] Releasing lock on daemon addresses registry.
23:46:56.318 [DEBUG] [org.gradle.launcher.daemon.server.DaemonStateCoordinator] Daemon is idle, sleeping until state change or idle timeout at Tue Jul 05 23:47:56 EDT 2016
23:46:56.318 [DEBUG] [org.gradle.launcher.daemon.server.exec.ReturnResult] Daemon is dispatching the build result: Success[value=org.gradle.tooling.internal.provider.BuildActionResult@5847c743]
23:46:56.318 [DEBUG] [org.gradle.launcher.daemon.server.SynchronizedDispatchConnection] thread 15: dispatching class org.gradle.launcher.daemon.protocol.Success
23:46:56.333 [DEBUG] [org.gradle.launcher.daemon.server.DefaultIncomingConnectionHandler] Finishing executing command: Build{id=e1f3d256-8213-400c-a429-574ebedb3112.1, currentDir=C:\Users\Yosmany\IntelliJIDEAProjects\LoginDemo}
23:46:56.333 [DEBUG] [org.gradle.launcher.daemon.server.SynchronizedDispatchConnection] thread 16: received class org.gradle.launcher.daemon.protocol.Finished
23:46:56.333 [DEBUG] [org.gradle.launcher.daemon.server.DefaultDaemonConnection] Received non-IO message from client: org.gradle.launcher.daemon.protocol.Finished@2b11a99f
23:46:56.333 [DEBUG] [org.gradle.messaging.remote.internal.inet.SocketConnection] Discarding EOFException: java.io.EOFException
23:46:56.333 [DEBUG] [org.gradle.launcher.daemon.server.SynchronizedDispatchConnection] thread 16: received null
23:46:56.333 [DEBUG] [org.gradle.launcher.daemon.server.DefaultDaemonConnection] Received end-of-input from client.
23:46:56.333 [DEBUG] [org.gradle.launcher.daemon.server.DefaultIncomingConnectionHandler] Received finished message: null
23:46:56.333 [DEBUG] [org.gradle.launcher.daemon.server.SynchronizedDispatchConnection] thread 15: stopping connection
23:46:56.333 [DEBUG] [org.gradle.launcher.daemon.server.SynchronizedDispatchConnection] thread 15: stopping connection
23:47:21.798 [DEBUG] [org.gradle.messaging.remote.internal.inet.TcpIncomingConnector] Accepted connection from /127.0.0.1:56664 to /127.0.0.1:56465.
23:47:21.827 [DEBUG] [org.gradle.launcher.daemon.server.SynchronizedDispatchConnection] thread 21: received class org.gradle.launcher.daemon.protocol.Build
23:47:21.828 [DEBUG] [org.gradle.launcher.daemon.server.DefaultDaemonConnection] Received non-IO message from client: Build{id=753b63fe-5f24-4d28-ac1a-534e8e875778.1, currentDir=C:\Users\Yosmany\.IdeaIC2016\system\compile-server}
23:47:21.828 [INFO] [org.gradle.launcher.daemon.server.DefaultIncomingConnectionHandler] Received command: Build{id=753b63fe-5f24-4d28-ac1a-534e8e875778.1, currentDir=C:\Users\Yosmany\.IdeaIC2016\system\compile-server}.
23:47:21.828 [DEBUG] [org.gradle.launcher.daemon.server.DefaultIncomingConnectionHandler] Starting executing command: Build{id=753b63fe-5f24-4d28-ac1a-534e8e875778.1, currentDir=C:\Users\Yosmany\.IdeaIC2016\system\compile-server} with connection: socket connection from /127.0.0.1:56465 to /127.0.0.1:56664.
23:47:21.828 [DEBUG] [org.gradle.launcher.daemon.server.DaemonStateCoordinator] Command execution: started DaemonCommandExecution[command = Build{id=753b63fe-5f24-4d28-ac1a-534e8e875778.1, currentDir=C:\Users\Yosmany\.IdeaIC2016\system\compile-server}, connection = org.gradle.launcher.daemon.server.DefaultDaemonConnection@1f92724f] after 0.0 minutes of idle
23:47:21.829 [INFO] [org.gradle.launcher.daemon.server.DomainRegistryUpdater] Marking the daemon as busy, address: [418b24f0-ca1c-41cd-8635-20a1c8079cdf port:56465, addresses:[/127.0.0.1, /0:0:0:0:0:0:0:1]]
23:47:21.829 [DEBUG] [org.gradle.launcher.daemon.registry.PersistentDaemonRegistry] Marking busy by address: [418b24f0-ca1c-41cd-8635-20a1c8079cdf port:56465, addresses:[/127.0.0.1, /0:0:0:0:0:0:0:1]]
23:47:21.830 [DEBUG] [org.gradle.cache.internal.DefaultFileLockManager] Waiting to acquire exclusive lock on daemon addresses registry.
23:47:21.830 [DEBUG] [org.gradle.cache.internal.DefaultFileLockManager] Lock acquired.
23:47:21.838 [DEBUG] [org.gradle.cache.internal.DefaultFileLockManager] Releasing lock on daemon addresses registry.
23:47:21.841 [DEBUG] [org.gradle.launcher.daemon.server.DaemonStateCoordinator] updating lastActivityAt to 1467776841841
23:47:21.842 [DEBUG] [org.gradle.launcher.daemon.server.DaemonStateCoordinator] Daemon is busy, sleeping until state changes.
23:47:21.842 [INFO] [org.gradle.launcher.daemon.server.exec.StartBuildOrRespondWithBusy] Daemon is about to start building Build{id=753b63fe-5f24-4d28-ac1a-534e8e875778.1, currentDir=C:\Users\Yosmany\.IdeaIC2016\system\compile-server}. Dispatching build started information...
23:47:21.842 [DEBUG] [org.gradle.launcher.daemon.server.SynchronizedDispatchConnection] thread 18: dispatching class org.gradle.launcher.daemon.protocol.BuildStarted
23:47:21.843 [DEBUG] [org.gradle.launcher.daemon.server.exec.EstablishBuildEnvironment] Configuring env variables: {USERDOMAIN_ROAMINGPROFILE=hp-envy, LOCALAPPDATA=C:\Users\Yosmany\AppData\Local, PROCESSOR_LEVEL=6, Platform=MCD, FP_NO_HOST_CHECK=NO, USERDOMAIN=hp-envy, LOGONSERVER=\\HP-ENVY, SESSIONNAME=Console, ALLUSERSPROFILE=C:\ProgramData, PROCESSOR_ARCHITECTURE=AMD64, GRADLE_HOME=C:\gradle-2.8, PSModulePath=C:\WINDOWS\system32\WindowsPowerShell\v1.0\Modules\, SystemDrive=C:, asl.log=Destination=file, APPDATA=C:\Users\Yosmany\AppData\Roaming, USERNAME=Yosmany, PCBRAND=Pavilion, ProgramFiles(x86)=C:\Program Files (x86), CommonProgramFiles=C:\Program Files\Common Files, Path=C:\ProgramData\Oracle\Java\javapath;C:\Program Files (x86)\Intel\iCLS Client\;C:\Program Files\Intel\iCLS Client\;C:\WINDOWS\system32;C:\WINDOWS;C:\WINDOWS\System32\Wbem;C:\WINDOWS\System32\WindowsPowerShell\v1.0\;C:\Program Files (x86)\Windows Live\Shared;C:\Program Files\Intel\Intel(R) Management Engine Components\DAL;C:\Program Files\Intel\Intel(R) Management Engine Components\IPT;C:\Program Files (x86)\Intel\Intel(R) Management Engine Components\DAL;C:\Program Files (x86)\Intel\Intel(R) Management Engine Components\IPT;C:\Program Files\Hewlett-Packard\SimplePass\;C:\Program Files (x86)\Common Files\Acronis\SnapAPI\;C:\Program Files (x86)\QuickTime\QTSystem\;C:\Program Files (x86)\Skype\Phone\;C:\Program Files (x86)\NVIDIA Corporation\PhysX\Common;C:\gradle-2.8\bin, PATHEXT=.COM;.EXE;.BAT;.CMD;.VBS;.VBE;.JS;.JSE;.WSF;.WSH;.MSC, OS=Windows_NT, COMPUTERNAME=HP-ENVY, OnlineServices=Online Services, PROCESSOR_REVISION=3c03, CommonProgramW6432=C:\Program Files\Common Files, ComSpec=C:\WINDOWS\system32\cmd.exe, ProgramData=C:\ProgramData, ProgramW6432=C:\Program Files, HOMEPATH=\Users\Yosmany, SystemRoot=C:\WINDOWS, TEMP=C:\Users\Yosmany\AppData\Local\Temp, HOMEDRIVE=C:, PROCESSOR_IDENTIFIER=Intel64 Family 6 Model 60 Stepping 3, GenuineIntel, USERPROFILE=C:\Users\Yosmany, TMP=C:\Users\Yosmany\AppData\Local\Temp, CommonProgramFiles(x86)=C:\Program Files (x86)\Common Files, ProgramFiles=C:\Program Files, PUBLIC=C:\Users\Public, NUMBER_OF_PROCESSORS=8, windir=C:\WINDOWS}
23:47:21.844 [DEBUG] [org.gradle.launcher.daemon.server.exec.LogToClient] About to start relaying all logs to the client via the connection.
23:47:21.845 [INFO] [org.gradle.launcher.daemon.server.exec.LogToClient] The client will now receive all logging from the daemon (pid: 9500). The daemon log file: C:\.gradle\daemon\2.8\daemon-9500.out.log
23:47:21.845 [INFO] [org.gradle.launcher.daemon.server.health.DaemonHealthTracker] Starting 2nd build in daemon [uptime: 6 mins 59.713 secs, performance: 100%, memory: 48% of 954.7 MB]
23:47:21.845 [DEBUG] [org.gradle.launcher.daemon.server.exec.ExecuteBuild] The daemon has started executing the build.
23:47:21.846 [INFO] [org.gradle.launcher.daemon.server.exec.ExecuteBuild] Executing build with daemon context: DefaultDaemonContext[uid=21a2676b-70c0-40ce-bfa9-ea95165f16f5,javaHome=C:\Program Files\Java\jdk1.8.0_74,daemonRegistryDir=C:\.gradle\daemon,pid=9500,idleTimeout=60000,daemonOpts=-XX:MaxPermSize=256m,-XX:+HeapDumpOnOutOfMemoryError,-Xmx1024m,-Dfile.encoding=windows-1252,-Duser.country=US,-Duser.language=en,-Duser.variant]
Configuration on demand is an incubating feature.
:app:preBuild UP-TO-DATE
:app:preDebugBuild UP-TO-DATE
:app:checkDebugManifest
:app:preReleaseBuild UP-TO-DATE
:app:prepareComAndroidSupportAnimatedVectorDrawable2340Library UP-TO-DATE
:app:prepareComAndroidSupportAppcompatV72340Library UP-TO-DATE
:app:prepareComAndroidSupportDesign2321Library UP-TO-DATE
:app:prepareComAndroidSupportRecyclerviewV72321Library UP-TO-DATE
:app:prepareComAndroidSupportSupportV42340Library UP-TO-DATE
:app:prepareComAndroidSupportSupportVectorDrawable2340Library UP-TO-DATE
:app:prepareDebugDependencies
:app:compileDebugAidl UP-TO-DATE
:app:compileDebugRenderscript UP-TO-DATE
:app:generateDebugBuildConfig UP-TO-DATE
:app:generateDebugAssets UP-TO-DATE
:app:mergeDebugAssets UP-TO-DATE
:app:generateDebugResValues UP-TO-DATE
:app:generateDebugResources UP-TO-DATE
:app:mergeDebugResources UP-TO-DATE
:app:processDebugManifest UP-TO-DATE
:app:processDebugResources UP-TO-DATE
:app:generateDebugSources UP-TO-DATE
:app:compileDebugJavaWithJavac
:app:compileDebugNdk UP-TO-DATE
:app:compileDebugSources
:app:transformClassesWithDexForDebug
:app:mergeDebugJniLibFolders UP-TO-DATE
:app:transformNative_libsWithMergeJniLibsForDebug
:app:processDebugJavaRes UP-TO-DATE
:app:transformResourcesWithMergeJavaResForDebug
:app:validateDebugSigning
:app:packageDebug
:app:zipalignDebug
:app:assembleDebug

BUILD SUCCESSFUL

Total time: 27.793 secs
23:47:48.692 [DEBUG] [org.gradle.cache.internal.btree.BTreePersistentIndexedCache] Closing cache taskArtifacts.bin (C:\Users\Yosmany\IntelliJIDEAProjects\LoginDemo\.gradle\2.8\taskArtifacts\taskArtifacts.bin)
23:47:48.698 [DEBUG] [org.gradle.cache.internal.btree.BTreePersistentIndexedCache] Closing cache fileHashes.bin (C:\Users\Yosmany\IntelliJIDEAProjects\LoginDemo\.gradle\2.8\taskArtifacts\fileHashes.bin)
23:47:48.701 [DEBUG] [org.gradle.cache.internal.btree.BTreePersistentIndexedCache] Closing cache fileSnapshots.bin (C:\Users\Yosmany\IntelliJIDEAProjects\LoginDemo\.gradle\2.8\taskArtifacts\fileSnapshots.bin)
23:47:48.705 [DEBUG] [org.gradle.cache.internal.btree.BTreePersistentIndexedCache] Closing cache outputFileStates.bin (C:\Users\Yosmany\IntelliJIDEAProjects\LoginDemo\.gradle\2.8\taskArtifacts\outputFileStates.bin)
23:47:48.705 [DEBUG] [org.gradle.cache.internal.DefaultFileLockManager] Releasing lock on task history cache (C:\Users\Yosmany\IntelliJIDEAProjects\LoginDemo\.gradle\2.8\taskArtifacts).
23:47:48.709 [DEBUG] [org.gradle.cache.internal.DefaultFileLockManager] Releasing lock on cp_settings class cache for settings file 'C:\Users\Yosmany\IntelliJIDEAProjects\LoginDemo\settings.gradle' (C:\.gradle\caches\2.8\scripts\settings_al8sssrmuhisn5ih6gu95isei\cp_settings).
23:47:48.709 [DEBUG] [org.gradle.cache.internal.DefaultFileLockManager] Releasing lock on settings class cache for settings file 'C:\Users\Yosmany\IntelliJIDEAProjects\LoginDemo\settings.gradle' (C:\.gradle\caches\2.8\scripts\settings_al8sssrmuhisn5ih6gu95isei\settings).
23:47:48.710 [DEBUG] [org.gradle.cache.internal.DefaultFileLockManager] Releasing lock on cp_proj class cache for build file 'C:\Users\Yosmany\IntelliJIDEAProjects\LoginDemo\build.gradle' (C:\.gradle\caches\2.8\scripts\build_8n8gp6a5kgrsapf43rf7t0g6c\cp_proj).
23:47:48.710 [DEBUG] [org.gradle.cache.internal.DefaultFileLockManager] Releasing lock on proj class cache for build file 'C:\Users\Yosmany\IntelliJIDEAProjects\LoginDemo\build.gradle' (C:\.gradle\caches\2.8\scripts\build_8n8gp6a5kgrsapf43rf7t0g6c\proj).
23:47:48.710 [DEBUG] [org.gradle.cache.internal.DefaultFileLockManager] Releasing lock on cp_proj class cache for build file 'C:\Users\Yosmany\IntelliJIDEAProjects\LoginDemo\app\build.gradle' (C:\.gradle\caches\2.8\scripts\build_ebkpeqpuqt2isg6y1tzk27o1s\cp_proj).
23:47:48.710 [DEBUG] [org.gradle.cache.internal.DefaultFileLockManager] Releasing lock on proj class cache for build file 'C:\Users\Yosmany\IntelliJIDEAProjects\LoginDemo\app\build.gradle' (C:\.gradle\caches\2.8\scripts\build_ebkpeqpuqt2isg6y1tzk27o1s\proj).
23:47:48.710 [DEBUG] [org.gradle.cache.internal.DefaultCacheAccess] Cache jars (C:\.gradle\caches\jars-1) was closed 0 times.
23:47:48.711 [DEBUG] [org.gradle.cache.internal.btree.BTreePersistentIndexedCache] Closing cache artifact-at-repository.bin (C:\.gradle\caches\modules-2\metadata-2.16\artifact-at-repository.bin)
23:47:48.711 [DEBUG] [org.gradle.cache.internal.btree.BTreePersistentIndexedCache] Closing cache module-metadata.bin (C:\.gradle\caches\modules-2\metadata-2.16\module-metadata.bin)
23:47:48.711 [DEBUG] [org.gradle.cache.internal.DefaultFileLockManager] Releasing lock on artifact cache (C:\.gradle\caches\modules-2).
23:47:48.716 [DEBUG] [org.gradle.api.internal.artifacts.ivyservice.resolveengine.store.CachedStoreFactory] Resolved configuration cache closed. Cache reads: 0, disk reads: 0 (avg: 0.0 secs, total: 0.0 secs)
23:47:48.718 [DEBUG] [org.gradle.api.internal.artifacts.ivyservice.resolveengine.store.CachedStoreFactory] Resolution result cache closed. Cache reads: 0, disk reads: 8 (avg: 0.0 secs, total: 0.004 secs)
23:47:48.718 [DEBUG] [org.gradle.api.internal.artifacts.ivyservice.resolveengine.store.ResolutionResultsStoreFactory] Deleted 2 resolution results binary files in 0.003 secs
23:47:48.718 [DEBUG] [org.gradle.api.internal.artifacts.ivyservice.ivyresolve.memcache.InMemoryCachedRepositoryFactory] In-memory dependency metadata cache closed. Repos cached: 17, cache instances: 2, modules served from cache: 69, artifacts: 14
23:47:48.718 [DEBUG] [org.gradle.cache.internal.DefaultCacheAccess] Cache Plugin Resolution Cache (C:\.gradle\caches\2.8\plugin-resolution) was closed 0 times.
23:47:48.718 [DEBUG] [org.gradle.api.internal.tasks.compile.daemon.CompilerDaemonManager] Stopping 0 compiler daemon(s).
23:47:48.718 [INFO] [org.gradle.api.internal.tasks.compile.daemon.CompilerDaemonManager] Stopped 0 compiler daemon(s).
23:47:48.719 [DEBUG] [org.gradle.launcher.daemon.server.exec.ExecuteBuild] The daemon has finished executing the build.
23:47:48.720 [DEBUG] [org.gradle.launcher.daemon.server.DaemonStateCoordinator] Command execution: finished waiting for DaemonCommandExecution[command = Build{id=753b63fe-5f24-4d28-ac1a-534e8e875778.1, currentDir=C:\Users\Yosmany\.IdeaIC2016\system\compile-server}, connection = org.gradle.launcher.daemon.server.DefaultDaemonConnection@1f92724f]. Result org.gradle.launcher.daemon.server.DaemonStateCoordinator@3e328a7f with state Running
23:47:48.720 [DEBUG] [org.gradle.launcher.daemon.server.DaemonStateCoordinator] Command execution: completed DaemonCommandExecution[command = Build{id=753b63fe-5f24-4d28-ac1a-534e8e875778.1, currentDir=C:\Users\Yosmany\.IdeaIC2016\system\compile-server}, connection = org.gradle.launcher.daemon.server.DefaultDaemonConnection@1f92724f]
23:47:48.720 [DEBUG] [org.gradle.launcher.daemon.server.DaemonStateCoordinator] updating lastActivityAt to 1467776868720
23:47:48.720 [INFO] [org.gradle.launcher.daemon.server.DomainRegistryUpdater] Marking the daemon as idle, address: [418b24f0-ca1c-41cd-8635-20a1c8079cdf port:56465, addresses:[/127.0.0.1, /0:0:0:0:0:0:0:1]]
23:47:48.721 [DEBUG] [org.gradle.launcher.daemon.registry.PersistentDaemonRegistry] Marking idle by address: [418b24f0-ca1c-41cd-8635-20a1c8079cdf port:56465, addresses:[/127.0.0.1, /0:0:0:0:0:0:0:1]]
23:47:48.722 [DEBUG] [org.gradle.cache.internal.DefaultFileLockManager] Waiting to acquire exclusive lock on daemon addresses registry.
23:47:48.722 [DEBUG] [org.gradle.cache.internal.DefaultFileLockManager] Lock acquired.
23:47:48.731 [DEBUG] [org.gradle.cache.internal.DefaultFileLockManager] Releasing lock on daemon addresses registry.
23:47:48.735 [DEBUG] [org.gradle.launcher.daemon.server.exec.ReturnResult] Daemon is dispatching the build result: Success[value=org.gradle.tooling.internal.provider.BuildActionResult@65557ac9]
23:47:48.735 [DEBUG] [org.gradle.launcher.daemon.server.DaemonStateCoordinator] Daemon is idle, sleeping until state change or idle timeout at Tue Jul 05 23:48:48 EDT 2016
23:47:48.735 [DEBUG] [org.gradle.launcher.daemon.server.SynchronizedDispatchConnection] thread 15: dispatching class org.gradle.launcher.daemon.protocol.Success
23:47:48.736 [DEBUG] [org.gradle.launcher.daemon.server.DefaultIncomingConnectionHandler] Finishing executing command: Build{id=753b63fe-5f24-4d28-ac1a-534e8e875778.1, currentDir=C:\Users\Yosmany\.IdeaIC2016\system\compile-server}
23:47:48.743 [DEBUG] [org.gradle.launcher.daemon.server.SynchronizedDispatchConnection] thread 21: received class org.gradle.launcher.daemon.protocol.Finished
23:47:48.743 [DEBUG] [org.gradle.launcher.daemon.server.DefaultDaemonConnection] Received non-IO message from client: org.gradle.launcher.daemon.protocol.Finished@14b32583
23:47:48.744 [DEBUG] [org.gradle.launcher.daemon.server.DefaultIncomingConnectionHandler] Received finished message: org.gradle.launcher.daemon.protocol.Finished@14b32583
23:47:48.744 [DEBUG] [org.gradle.launcher.daemon.server.SynchronizedDispatchConnection] thread 15: stopping connection
23:47:48.744 [DEBUG] [org.gradle.messaging.remote.internal.inet.SocketConnection] Discarding EOFException: java.io.EOFException
23:47:48.745 [DEBUG] [org.gradle.launcher.daemon.server.SynchronizedDispatchConnection] thread 21: received null
23:47:48.745 [DEBUG] [org.gradle.launcher.daemon.server.DefaultDaemonConnection] Received end-of-input from client.
23:47:48.745 [DEBUG] [org.gradle.launcher.daemon.server.SynchronizedDispatchConnection] thread 15: stopping connection
23:48:48.729 [DEBUG] [org.gradle.launcher.daemon.server.DaemonStateCoordinator] Idle timeout: daemon has been idle for requested period. Stopping now.
23:48:48.729 [DEBUG] [org.gradle.launcher.daemon.server.DaemonStateCoordinator] Marking daemon stopped due to idle timeout. The daemon is running a build: false
23:48:48.729 [DEBUG] [org.gradle.launcher.daemon.server.Daemon] stop() called on daemon
23:48:48.729 [INFO] [org.gradle.launcher.daemon.server.Daemon] Stop requested. Daemon is removing its presence from the registry...
23:48:48.729 [DEBUG] [org.gradle.launcher.daemon.server.DomainRegistryUpdater] Removing our presence to clients, eg. removing this address from the registry: [418b24f0-ca1c-41cd-8635-20a1c8079cdf port:56465, addresses:[/127.0.0.1, /0:0:0:0:0:0:0:1]]
23:48:48.729 [DEBUG] [org.gradle.launcher.daemon.registry.PersistentDaemonRegistry] Removing daemon address: [418b24f0-ca1c-41cd-8635-20a1c8079cdf port:56465, addresses:[/127.0.0.1, /0:0:0:0:0:0:0:1]]
23:48:48.729 [DEBUG] [org.gradle.cache.internal.DefaultFileLockManager] Waiting to acquire exclusive lock on daemon addresses registry.
23:48:48.729 [DEBUG] [org.gradle.cache.internal.DefaultFileLockManager] Lock acquired.
23:48:48.744 [DEBUG] [org.gradle.cache.internal.DefaultFileLockManager] Releasing lock on daemon addresses registry.
23:48:48.744 [DEBUG] [org.gradle.launcher.daemon.server.DomainRegistryUpdater] Address removed from registry.
23:48:48.760Daemon vm is shutting down... The daemon has exited normally or was terminated in response to a user interrupt.
 [DEBUG] [org.gradle.launcher.daemon.registry.PersistentDaemonRegistry] Removing daemon address: [418b24f0-ca1c-41cd-8635-20a1c8079cdf port:56465, addresses:[/127.0.0.1, /0:0:0:0:0:0:0:1]]
23:48:48.760 [DEBUG] [org.gradle.cache.internal.DefaultFileLockManager] Waiting to acquire exclusive lock on daemon addresses registry.
23:48:48.760 [DEBUG] [org.gradle.cache.internal.DefaultFileLockManager] Lock acquired.
23:48:48.760 [DEBUG] [org.gradle.cache.internal.DefaultFileLockManager] Releasing lock on daemon addresses registry.
