23:40:22.147 [INFO] [org.gradle.launcher.daemon.server.Daemon] start() called on daemon - DefaultDaemonContext[uid=3258b3ea-2880-444d-8fee-f21bae4fa569,javaHome=C:\Program Files\Java\jdk1.8.0_74,daemonRegistryDir=C:\.gradle\daemon,pid=2716,idleTimeout=60000,daemonOpts=-XX:MaxPermSize=256m,-XX:+HeapDumpOnOutOfMemoryError,-Xmx1024m,-Dfile.encoding=windows-1252,-Duser.country=US,-Duser.language=en,-Duser.variant]
23:40:22.147 [DEBUG] [org.gradle.launcher.daemon.server.DaemonStateCoordinator] updating lastActivityAt to 1467776422147
23:40:22.194 [DEBUG] [org.gradle.messaging.remote.internal.inet.InetAddressFactory] Adding IP addresses for network interface Software Loopback Interface 1
23:40:22.194 [DEBUG] [org.gradle.messaging.remote.internal.inet.InetAddressFactory] Is this a loopback interface? true
23:40:22.194 [DEBUG] [org.gradle.messaging.remote.internal.inet.InetAddressFactory] Is this a multicast interface? true
23:40:22.194 [DEBUG] [org.gradle.messaging.remote.internal.inet.InetAddressFactory] Adding loopback address /127.0.0.1
23:40:22.194 [DEBUG] [org.gradle.messaging.remote.internal.inet.InetAddressFactory] Adding loopback address /0:0:0:0:0:0:0:1
23:40:22.194 [DEBUG] [org.gradle.messaging.remote.internal.inet.InetAddressFactory] Adding loopback multicast interface Software Loopback Interface 1
23:40:22.194 [DEBUG] [org.gradle.messaging.remote.internal.inet.InetAddressFactory] Adding IP addresses for network interface Realtek RTL8188EE 802.11 bgn Wi-Fi Adapter
23:40:22.194 [DEBUG] [org.gradle.messaging.remote.internal.inet.InetAddressFactory] Is this a loopback interface? false
23:40:22.194 [DEBUG] [org.gradle.messaging.remote.internal.inet.InetAddressFactory] Is this a multicast interface? true
23:40:22.194 [DEBUG] [org.gradle.messaging.remote.internal.inet.InetAddressFactory] Adding remote address /192.168.1.14
23:40:22.194 [DEBUG] [org.gradle.messaging.remote.internal.inet.InetAddressFactory] Adding remote address /fe80:0:0:0:1551:da32:6cd9:3118%wlan0
23:40:22.194 [DEBUG] [org.gradle.messaging.remote.internal.inet.InetAddressFactory] Adding remote multicast interface Realtek RTL8188EE 802.11 bgn Wi-Fi Adapter
23:40:22.194 [DEBUG] [org.gradle.messaging.remote.internal.inet.InetAddressFactory] Adding IP addresses for network interface Realtek PCIe GBE Family Controller
23:40:22.194 [DEBUG] [org.gradle.messaging.remote.internal.inet.InetAddressFactory] Is this a loopback interface? false
23:40:22.194 [DEBUG] [org.gradle.messaging.remote.internal.inet.InetAddressFactory] Is this a multicast interface? true
23:40:22.194 [DEBUG] [org.gradle.messaging.remote.internal.inet.InetAddressFactory] Adding remote address /fe80:0:0:0:7994:6b0f:80c1:8bd2%eth0
23:40:22.194 [DEBUG] [org.gradle.messaging.remote.internal.inet.InetAddressFactory] Adding remote multicast interface Realtek PCIe GBE Family Controller
23:40:22.194 [DEBUG] [org.gradle.messaging.remote.internal.inet.InetAddressFactory] Adding IP addresses for network interface Microsoft Kernel Debug Network Adapter
23:40:22.194 [DEBUG] [org.gradle.messaging.remote.internal.inet.InetAddressFactory] Is this a loopback interface? false
23:40:22.210 [DEBUG] [org.gradle.messaging.remote.internal.inet.InetAddressFactory] Is this a multicast interface? true
23:40:22.210 [DEBUG] [org.gradle.messaging.remote.internal.inet.InetAddressFactory] Adding loopback multicast interface Microsoft Kernel Debug Network Adapter
23:40:22.210 [DEBUG] [org.gradle.messaging.remote.internal.inet.InetAddressFactory] Adding IP addresses for network interface Microsoft ISATAP Adapter
23:40:22.210 [DEBUG] [org.gradle.messaging.remote.internal.inet.InetAddressFactory] Is this a loopback interface? false
23:40:22.210 [DEBUG] [org.gradle.messaging.remote.internal.inet.InetAddressFactory] Is this a multicast interface? false
23:40:22.210 [DEBUG] [org.gradle.messaging.remote.internal.inet.InetAddressFactory] Adding remote address /fe80:0:0:0:0:5efe:c0a8:10e%net0
23:40:22.210 [DEBUG] [org.gradle.messaging.remote.internal.inet.InetAddressFactory] Adding IP addresses for network interface Teredo Tunneling Pseudo-Interface
23:40:22.210 [DEBUG] [org.gradle.messaging.remote.internal.inet.InetAddressFactory] Is this a loopback interface? false
23:40:22.210 [DEBUG] [org.gradle.messaging.remote.internal.inet.InetAddressFactory] Is this a multicast interface? false
23:40:22.210 [DEBUG] [org.gradle.messaging.remote.internal.inet.InetAddressFactory] Adding remote address /2001:0:5ef5:79fd:812:1131:3f57:fef1
23:40:22.210 [DEBUG] [org.gradle.messaging.remote.internal.inet.InetAddressFactory] Adding remote address /fe80:0:0:0:812:1131:3f57:fef1%net1
23:40:22.210 [DEBUG] [org.gradle.messaging.remote.internal.inet.InetAddressFactory] Adding IP addresses for network interface Microsoft Wi-Fi Direct Virtual Adapter
23:40:22.210 [DEBUG] [org.gradle.messaging.remote.internal.inet.InetAddressFactory] Is this a loopback interface? false
23:40:22.210 [DEBUG] [org.gradle.messaging.remote.internal.inet.InetAddressFactory] Is this a multicast interface? true
23:40:22.210 [DEBUG] [org.gradle.messaging.remote.internal.inet.InetAddressFactory] Adding remote address /fe80:0:0:0:58a:c4ff:ade4:e097%wlan1
23:40:22.210 [DEBUG] [org.gradle.messaging.remote.internal.inet.InetAddressFactory] Adding remote multicast interface Microsoft Wi-Fi Direct Virtual Adapter
23:40:22.210 [DEBUG] [org.gradle.messaging.remote.internal.inet.InetAddressFactory] Adding IP addresses for network interface Realtek PCIe GBE Family Controller-WFP Native MAC Layer LightWeight Filter-0000
23:40:22.210 [DEBUG] [org.gradle.messaging.remote.internal.inet.InetAddressFactory] Is this a loopback interface? false
23:40:22.210 [DEBUG] [org.gradle.messaging.remote.internal.inet.InetAddressFactory] Is this a multicast interface? true
23:40:22.210 [DEBUG] [org.gradle.messaging.remote.internal.inet.InetAddressFactory] Adding loopback multicast interface Realtek PCIe GBE Family Controller-WFP Native MAC Layer LightWeight Filter-0000
23:40:22.210 [DEBUG] [org.gradle.messaging.remote.internal.inet.InetAddressFactory] Adding IP addresses for network interface Realtek PCIe GBE Family Controller-QoS Packet Scheduler-0000
23:40:22.210 [DEBUG] [org.gradle.messaging.remote.internal.inet.InetAddressFactory] Is this a loopback interface? false
23:40:22.210 [DEBUG] [org.gradle.messaging.remote.internal.inet.InetAddressFactory] Is this a multicast interface? true
23:40:22.210 [DEBUG] [org.gradle.messaging.remote.internal.inet.InetAddressFactory] Adding loopback multicast interface Realtek PCIe GBE Family Controller-QoS Packet Scheduler-0000
23:40:22.210 [DEBUG] [org.gradle.messaging.remote.internal.inet.InetAddressFactory] Adding IP addresses for network interface Realtek PCIe GBE Family Controller-WFP 802.3 MAC Layer LightWeight Filter-0000
23:40:22.225 [DEBUG] [org.gradle.messaging.remote.internal.inet.InetAddressFactory] Is this a loopback interface? false
23:40:22.225 [DEBUG] [org.gradle.messaging.remote.internal.inet.InetAddressFactory] Is this a multicast interface? true
23:40:22.225 [DEBUG] [org.gradle.messaging.remote.internal.inet.InetAddressFactory] Adding loopback multicast interface Realtek PCIe GBE Family Controller-WFP 802.3 MAC Layer LightWeight Filter-0000
23:40:22.225 [DEBUG] [org.gradle.messaging.remote.internal.inet.InetAddressFactory] Adding IP addresses for network interface Realtek RTL8188EE 802.11 bgn Wi-Fi Adapter-WFP Native MAC Layer LightWeight Filter-0000
23:40:22.225 [DEBUG] [org.gradle.messaging.remote.internal.inet.InetAddressFactory] Is this a loopback interface? false
23:40:22.225 [DEBUG] [org.gradle.messaging.remote.internal.inet.InetAddressFactory] Is this a multicast interface? true
23:40:22.225 [DEBUG] [org.gradle.messaging.remote.internal.inet.InetAddressFactory] Adding loopback multicast interface Realtek RTL8188EE 802.11 bgn Wi-Fi Adapter-WFP Native MAC Layer LightWeight Filter-0000
23:40:22.225 [DEBUG] [org.gradle.messaging.remote.internal.inet.InetAddressFactory] Adding IP addresses for network interface Realtek RTL8188EE 802.11 bgn Wi-Fi Adapter-Virtual WiFi Filter Driver-0000
23:40:22.225 [DEBUG] [org.gradle.messaging.remote.internal.inet.InetAddressFactory] Is this a loopback interface? false
23:40:22.225 [DEBUG] [org.gradle.messaging.remote.internal.inet.InetAddressFactory] Is this a multicast interface? true
23:40:22.225 [DEBUG] [org.gradle.messaging.remote.internal.inet.InetAddressFactory] Adding loopback multicast interface Realtek RTL8188EE 802.11 bgn Wi-Fi Adapter-Virtual WiFi Filter Driver-0000
23:40:22.225 [DEBUG] [org.gradle.messaging.remote.internal.inet.InetAddressFactory] Adding IP addresses for network interface Realtek RTL8188EE 802.11 bgn Wi-Fi Adapter-Native WiFi Filter Driver-0000
23:40:22.225 [DEBUG] [org.gradle.messaging.remote.internal.inet.InetAddressFactory] Is this a loopback interface? false
23:40:22.225 [DEBUG] [org.gradle.messaging.remote.internal.inet.InetAddressFactory] Is this a multicast interface? true
23:40:22.225 [DEBUG] [org.gradle.messaging.remote.internal.inet.InetAddressFactory] Adding loopback multicast interface Realtek RTL8188EE 802.11 bgn Wi-Fi Adapter-Native WiFi Filter Driver-0000
23:40:22.225 [DEBUG] [org.gradle.messaging.remote.internal.inet.InetAddressFactory] Adding IP addresses for network interface Realtek RTL8188EE 802.11 bgn Wi-Fi Adapter-QoS Packet Scheduler-0000
23:40:22.225 [DEBUG] [org.gradle.messaging.remote.internal.inet.InetAddressFactory] Is this a loopback interface? false
23:40:22.225 [DEBUG] [org.gradle.messaging.remote.internal.inet.InetAddressFactory] Is this a multicast interface? true
23:40:22.225 [DEBUG] [org.gradle.messaging.remote.internal.inet.InetAddressFactory] Adding loopback multicast interface Realtek RTL8188EE 802.11 bgn Wi-Fi Adapter-QoS Packet Scheduler-0000
23:40:22.225 [DEBUG] [org.gradle.messaging.remote.internal.inet.InetAddressFactory] Adding IP addresses for network interface Realtek RTL8188EE 802.11 bgn Wi-Fi Adapter-WFP 802.3 MAC Layer LightWeight Filter-0000
23:40:22.225 [DEBUG] [org.gradle.messaging.remote.internal.inet.InetAddressFactory] Is this a loopback interface? false
23:40:22.225 [DEBUG] [org.gradle.messaging.remote.internal.inet.InetAddressFactory] Is this a multicast interface? true
23:40:22.225 [DEBUG] [org.gradle.messaging.remote.internal.inet.InetAddressFactory] Adding loopback multicast interface Realtek RTL8188EE 802.11 bgn Wi-Fi Adapter-WFP 802.3 MAC Layer LightWeight Filter-0000
23:40:22.225 [DEBUG] [org.gradle.messaging.remote.internal.inet.InetAddressFactory] Adding IP addresses for network interface Microsoft Wi-Fi Direct Virtual Adapter-WFP Native MAC Layer LightWeight Filter-0000
23:40:22.225 [DEBUG] [org.gradle.messaging.remote.internal.inet.InetAddressFactory] Is this a loopback interface? false
23:40:22.241 [DEBUG] [org.gradle.messaging.remote.internal.inet.InetAddressFactory] Is this a multicast interface? true
23:40:22.241 [DEBUG] [org.gradle.messaging.remote.internal.inet.InetAddressFactory] Adding loopback multicast interface Microsoft Wi-Fi Direct Virtual Adapter-WFP Native MAC Layer LightWeight Filter-0000
23:40:22.241 [DEBUG] [org.gradle.messaging.remote.internal.inet.InetAddressFactory] Adding IP addresses for network interface Microsoft Wi-Fi Direct Virtual Adapter-Native WiFi Filter Driver-0000
23:40:22.241 [DEBUG] [org.gradle.messaging.remote.internal.inet.InetAddressFactory] Is this a loopback interface? false
23:40:22.241 [DEBUG] [org.gradle.messaging.remote.internal.inet.InetAddressFactory] Is this a multicast interface? true
23:40:22.241 [DEBUG] [org.gradle.messaging.remote.internal.inet.InetAddressFactory] Adding loopback multicast interface Microsoft Wi-Fi Direct Virtual Adapter-Native WiFi Filter Driver-0000
23:40:22.241 [DEBUG] [org.gradle.messaging.remote.internal.inet.InetAddressFactory] Adding IP addresses for network interface Microsoft Wi-Fi Direct Virtual Adapter-QoS Packet Scheduler-0000
23:40:22.241 [DEBUG] [org.gradle.messaging.remote.internal.inet.InetAddressFactory] Is this a loopback interface? false
23:40:22.241 [DEBUG] [org.gradle.messaging.remote.internal.inet.InetAddressFactory] Is this a multicast interface? true
23:40:22.241 [DEBUG] [org.gradle.messaging.remote.internal.inet.InetAddressFactory] Adding loopback multicast interface Microsoft Wi-Fi Direct Virtual Adapter-QoS Packet Scheduler-0000
23:40:22.241 [DEBUG] [org.gradle.messaging.remote.internal.inet.InetAddressFactory] Adding IP addresses for network interface Microsoft Wi-Fi Direct Virtual Adapter-WFP 802.3 MAC Layer LightWeight Filter-0000
23:40:22.241 [DEBUG] [org.gradle.messaging.remote.internal.inet.InetAddressFactory] Is this a loopback interface? false
23:40:22.241 [DEBUG] [org.gradle.messaging.remote.internal.inet.InetAddressFactory] Is this a multicast interface? true
23:40:22.241 [DEBUG] [org.gradle.messaging.remote.internal.inet.InetAddressFactory] Adding loopback multicast interface Microsoft Wi-Fi Direct Virtual Adapter-WFP 802.3 MAC Layer LightWeight Filter-0000
23:40:22.319 [DEBUG] [org.gradle.messaging.remote.internal.inet.TcpIncomingConnector] Listening on [04e581f3-ea86-43db-9a96-04a2eaf76064 port:56464, addresses:[/127.0.0.1, /0:0:0:0:0:0:0:1]].
23:40:22.319 [DEBUG] [org.gradle.launcher.daemon.server.Daemon] Daemon starting at: Tue Jul 05 23:40:22 EDT 2016, with address: [04e581f3-ea86-43db-9a96-04a2eaf76064 port:56464, addresses:[/127.0.0.1, /0:0:0:0:0:0:0:1]]
23:40:22.319 [INFO] [org.gradle.launcher.daemon.server.DomainRegistryUpdater] Advertising the daemon address to the clients: [04e581f3-ea86-43db-9a96-04a2eaf76064 port:56464, addresses:[/127.0.0.1, /0:0:0:0:0:0:0:1]]
23:40:22.319 [DEBUG] [org.gradle.launcher.daemon.server.DomainRegistryUpdater] Advertised daemon context: DefaultDaemonContext[uid=3258b3ea-2880-444d-8fee-f21bae4fa569,javaHome=C:\Program Files\Java\jdk1.8.0_74,daemonRegistryDir=C:\.gradle\daemon,pid=2716,idleTimeout=60000,daemonOpts=-XX:MaxPermSize=256m,-XX:+HeapDumpOnOutOfMemoryError,-Xmx1024m,-Dfile.encoding=windows-1252,-Duser.country=US,-Duser.language=en,-Duser.variant]
23:40:22.319 [DEBUG] [org.gradle.launcher.daemon.registry.PersistentDaemonRegistry] Storing daemon address: [04e581f3-ea86-43db-9a96-04a2eaf76064 port:56464, addresses:[/127.0.0.1, /0:0:0:0:0:0:0:1]], context: DefaultDaemonContext[uid=3258b3ea-2880-444d-8fee-f21bae4fa569,javaHome=C:\Program Files\Java\jdk1.8.0_74,daemonRegistryDir=C:\.gradle\daemon,pid=2716,idleTimeout=60000,daemonOpts=-XX:MaxPermSize=256m,-XX:+HeapDumpOnOutOfMemoryError,-Xmx1024m,-Dfile.encoding=windows-1252,-Duser.country=US,-Duser.language=en,-Duser.variant]
23:40:22.335 [DEBUG] [org.gradle.cache.internal.DefaultFileLockManager] Waiting to acquire exclusive lock on daemon addresses registry.
23:40:22.335 [DEBUG] [org.gradle.cache.internal.DefaultFileLockManager] The file lock is held by a different Gradle process (pid: 9500, operation: ). Will attempt to ping owner at port 63174
23:40:22.538 [DEBUG] [org.gradle.cache.internal.DefaultFileLockManager] Lock acquired.
23:40:22.554 [DEBUG] [org.gradle.cache.internal.DefaultFileLockManager] Releasing lock on daemon addresses registry.
23:40:22.569 [LIFECYCLE] [org.gradle.launcher.daemon.server.Daemon] Daemon server started.
23:40:22.569 [DEBUG] [org.gradle.launcher.daemon.bootstrap.DaemonStartupCommunication] Completed writing the daemon greeting. Closing streams...
23:40:22.569 [DEBUG] [org.gradle.launcher.daemon.server.Daemon] requestStopOnIdleTimeout(60000 MILLISECONDS) called on daemon
23:40:22.569 [DEBUG] [org.gradle.launcher.daemon.server.DaemonStateCoordinator] Idle timeout: waiting for daemon to stop or be idle for 60000ms
23:40:22.569 [DEBUG] [org.gradle.launcher.daemon.server.DaemonStateCoordinator] Daemon is idle, sleeping until state change or idle timeout at Tue Jul 05 23:41:22 EDT 2016
23:40:22.569 [DEBUG] [org.gradle.messaging.remote.internal.inet.TcpIncomingConnector] Accepted connection from /127.0.0.1:56476 to /127.0.0.1:56464.
23:40:22.679 [DEBUG] [org.gradle.launcher.daemon.server.SynchronizedDispatchConnection] thread 16: received class org.gradle.launcher.daemon.protocol.Build
23:40:22.679 [DEBUG] [org.gradle.launcher.daemon.server.DefaultDaemonConnection] Received non-IO message from client: Build{id=cb8359f6-06ab-490e-9c94-5b1a053bf6e0.1, currentDir=C:\Users\Yosmany\IntelliJIDEAProjects\LoginDemo}
23:40:22.679 [INFO] [org.gradle.launcher.daemon.server.DefaultIncomingConnectionHandler] Received command: Build{id=cb8359f6-06ab-490e-9c94-5b1a053bf6e0.1, currentDir=C:\Users\Yosmany\IntelliJIDEAProjects\LoginDemo}.
23:40:22.679 [DEBUG] [org.gradle.launcher.daemon.server.DefaultIncomingConnectionHandler] Starting executing command: Build{id=cb8359f6-06ab-490e-9c94-5b1a053bf6e0.1, currentDir=C:\Users\Yosmany\IntelliJIDEAProjects\LoginDemo} with connection: socket connection from /127.0.0.1:56464 to /127.0.0.1:56476.
23:40:22.694 [DEBUG] [org.gradle.launcher.daemon.server.DaemonStateCoordinator] Command execution: started DaemonCommandExecution[command = Build{id=cb8359f6-06ab-490e-9c94-5b1a053bf6e0.1, currentDir=C:\Users\Yosmany\IntelliJIDEAProjects\LoginDemo}, connection = org.gradle.launcher.daemon.server.DefaultDaemonConnection@20ff6151] after 0.0 minutes of idle
23:40:22.694 [INFO] [org.gradle.launcher.daemon.server.DomainRegistryUpdater] Marking the daemon as busy, address: [04e581f3-ea86-43db-9a96-04a2eaf76064 port:56464, addresses:[/127.0.0.1, /0:0:0:0:0:0:0:1]]
23:40:22.694 [DEBUG] [org.gradle.launcher.daemon.registry.PersistentDaemonRegistry] Marking busy by address: [04e581f3-ea86-43db-9a96-04a2eaf76064 port:56464, addresses:[/127.0.0.1, /0:0:0:0:0:0:0:1]]
23:40:22.694 [DEBUG] [org.gradle.cache.internal.DefaultFileLockManager] Waiting to acquire exclusive lock on daemon addresses registry.
23:40:22.694 [DEBUG] [org.gradle.cache.internal.DefaultFileLockManager] Lock acquired.
23:40:22.694 [DEBUG] [org.gradle.cache.internal.DefaultFileLockManager] Releasing lock on daemon addresses registry.
23:40:22.694 [DEBUG] [org.gradle.launcher.daemon.server.DaemonStateCoordinator] updating lastActivityAt to 1467776422694
23:40:22.694 [DEBUG] [org.gradle.launcher.daemon.server.DaemonStateCoordinator] Daemon is busy, sleeping until state changes.
23:40:22.694 [INFO] [org.gradle.launcher.daemon.server.exec.StartBuildOrRespondWithBusy] Daemon is about to start building Build{id=cb8359f6-06ab-490e-9c94-5b1a053bf6e0.1, currentDir=C:\Users\Yosmany\IntelliJIDEAProjects\LoginDemo}. Dispatching build started information...
23:40:22.694 [DEBUG] [org.gradle.launcher.daemon.server.SynchronizedDispatchConnection] thread 18: dispatching class org.gradle.launcher.daemon.protocol.BuildStarted
23:40:22.710 [DEBUG] [org.gradle.launcher.daemon.server.exec.EstablishBuildEnvironment] Configuring env variables: {USERDOMAIN_ROAMINGPROFILE=hp-envy, LOCALAPPDATA=C:\Users\Yosmany\AppData\Local, PROCESSOR_LEVEL=6, Platform=MCD, FP_NO_HOST_CHECK=NO, USERDOMAIN=hp-envy, LOGONSERVER=\\HP-ENVY, SESSIONNAME=Console, ALLUSERSPROFILE=C:\ProgramData, PROCESSOR_ARCHITECTURE=x86, GRADLE_HOME=C:\gradle-2.8, PSModulePath=C:\WINDOWS\system32\WindowsPowerShell\v1.0\Modules\, SystemDrive=C:, asl.log=Destination=file, APPDATA=C:\Users\Yosmany\AppData\Roaming, USERNAME=Yosmany, PCBRAND=Pavilion, ProgramFiles(x86)=C:\Program Files (x86), CommonProgramFiles=C:\Program Files (x86)\Common Files, Path=C:\ProgramData\Oracle\Java\javapath;C:\Program Files (x86)\Intel\iCLS Client\;C:\Program Files\Intel\iCLS Client\;C:\WINDOWS\system32;C:\WINDOWS;C:\WINDOWS\System32\Wbem;C:\WINDOWS\System32\WindowsPowerShell\v1.0\;C:\Program Files (x86)\Windows Live\Shared;C:\Program Files\Intel\Intel(R) Management Engine Components\DAL;C:\Program Files\Intel\Intel(R) Management Engine Components\IPT;C:\Program Files (x86)\Intel\Intel(R) Management Engine Components\DAL;C:\Program Files (x86)\Intel\Intel(R) Management Engine Components\IPT;C:\Program Files\Hewlett-Packard\SimplePass\;C:\Program Files (x86)\Common Files\Acronis\SnapAPI\;C:\Program Files (x86)\QuickTime\QTSystem\;C:\Program Files (x86)\Skype\Phone\;C:\Program Files (x86)\NVIDIA Corporation\PhysX\Common;C:\gradle-2.8\bin, PATHEXT=.COM;.EXE;.BAT;.CMD;.VBS;.VBE;.JS;.JSE;.WSF;.WSH;.MSC, OS=Windows_NT, PROCESSOR_ARCHITEW6432=AMD64, COMPUTERNAME=HP-ENVY, OnlineServices=Online Services, PROCESSOR_REVISION=3c03, CommonProgramW6432=C:\Program Files\Common Files, ComSpec=C:\WINDOWS\system32\cmd.exe, ProgramData=C:\ProgramData, ProgramW6432=C:\Program Files, HOMEPATH=\Users\Yosmany, SystemRoot=C:\WINDOWS, TEMP=C:\Users\Yosmany\AppData\Local\Temp, HOMEDRIVE=C:, PROCESSOR_IDENTIFIER=Intel64 Family 6 Model 60 Stepping 3, GenuineIntel, USERPROFILE=C:\Users\Yosmany, TMP=C:\Users\Yosmany\AppData\Local\Temp, CommonProgramFiles(x86)=C:\Program Files (x86)\Common Files, ProgramFiles=C:\Program Files (x86), PUBLIC=C:\Users\Public, NUMBER_OF_PROCESSORS=8, windir=C:\WINDOWS}
23:40:22.710 [DEBUG] [org.gradle.launcher.daemon.server.SynchronizedDispatchConnection] thread 16: received class org.gradle.launcher.daemon.protocol.CloseInput
23:40:22.710 [DEBUG] [org.gradle.launcher.daemon.server.DefaultDaemonConnection] Received IO message from client: org.gradle.launcher.daemon.protocol.CloseInput@6ebf8ac3
23:40:22.725 [DEBUG] [org.gradle.launcher.daemon.server.exec.LogToClient] About to start relaying all logs to the client via the connection.
23:40:22.725 [INFO] [org.gradle.launcher.daemon.server.exec.LogToClient] The client will now receive all logging from the daemon (pid: 2716). The daemon log file: C:\.gradle\daemon\2.8\daemon-2716.out.log
23:40:22.725 [INFO] [org.gradle.launcher.daemon.server.health.DaemonHealthTracker] Starting build in new daemon [memory: 954.7 MB]
23:40:22.725 [INFO] [org.gradle.launcher.daemon.server.exec.ForwardClientInput] Closing daemon's stdin at end of input.
23:40:22.725 [INFO] [org.gradle.launcher.daemon.server.exec.ForwardClientInput] The daemon will no longer process any standard input.
23:40:22.741 [DEBUG] [org.gradle.launcher.daemon.server.exec.ExecuteBuild] The daemon has started executing the build.
23:40:22.741 [INFO] [org.gradle.launcher.daemon.server.exec.ExecuteBuild] Executing build with daemon context: DefaultDaemonContext[uid=3258b3ea-2880-444d-8fee-f21bae4fa569,javaHome=C:\Program Files\Java\jdk1.8.0_74,daemonRegistryDir=C:\.gradle\daemon,pid=2716,idleTimeout=60000,daemonOpts=-XX:MaxPermSize=256m,-XX:+HeapDumpOnOutOfMemoryError,-Xmx1024m,-Dfile.encoding=windows-1252,-Duser.country=US,-Duser.language=en,-Duser.variant]
23:40:23.147 [DEBUG] [org.gradle.internal.nativeintegration.services.NativeServices] Native-platform posix files is not available.  Continuing with fallback.
23:40:23.335 [INFO] [org.gradle.tooling.internal.provider.DefaultPayloadClassLoaderRegistry] Creating ClassLoader 4952c5c9-621b-49c7-9286-73c343a78934 from [Spec classpath:[file:/C:/Program%20Files%20(x86)/JetBrains/IntelliJ%20IDEA%20Community%20Edition%202016.1.3/plugins/gradle/lib/gradle-tooling-api-2.9.jar, file:/C:/Program%20Files%20(x86)/JetBrains/IntelliJ%20IDEA%20Community%20Edition%202016.1.3/plugins/gradle/lib/guava-jdk5-17.0.jar, file:/C:/Program%20Files%20(x86)/JetBrains/IntelliJ%20IDEA%20Community%20Edition%202016.1.3/plugins/gradle/lib/gradle-base-services-2.9.jar, file:/C:/Program%20Files%20(x86)/JetBrains/IntelliJ%20IDEA%20Community%20Edition%202016.1.3/plugins/gradle/lib/gradle-tooling-extension-api.jar, file:/C:/Program%20Files%20(x86)/JetBrains/IntelliJ%20IDEA%20Community%20Edition%202016.1.3/lib/external-system-rt.jar, file:/C:/Program%20Files%20(x86)/JetBrains/IntelliJ%20IDEA%20Community%20Edition%202016.1.3/plugins/android/lib/builder-model-1.4.0-beta2.jar]] and [org.gradle.internal.classloader.FilteringClassLoader@43d5923].
23:40:23.350 [DEBUG] [org.gradle.cache.internal.DefaultFileLockManager] Waiting to acquire exclusive lock on jars (C:\.gradle\caches\jars-1).
23:40:23.350 [DEBUG] [org.gradle.cache.internal.DefaultFileLockManager] The file lock is held by a different Gradle process (pid: 9500, operation: Locate Jar file). Will attempt to ping owner at port 63174
23:40:23.554 [DEBUG] [org.gradle.cache.internal.DefaultFileLockManager] The file lock is held by a different Gradle process (pid: 9500, operation: Locate Jar file). Will attempt to ping owner at port 63174
23:40:23.772 [DEBUG] [org.gradle.cache.internal.DefaultFileLockManager] The file lock is held by a different Gradle process (pid: 3064, operation: Locate Jar file). Will attempt to ping owner at port 63175
23:40:23.975 [DEBUG] [org.gradle.cache.internal.DefaultFileLockManager] Lock acquired.
23:40:24.116 [DEBUG] [org.gradle.cache.internal.locklistener.DefaultFileLockContentionHandler] Starting file lock listener thread.
Download https://jcenter.bintray.com/com/android/tools/build/gradle/1.5.0/gradle-1.5.0.pom
Download https://jcenter.bintray.com/com/android/tools/build/gradle-core/1.5.0/gradle-core-1.5.0.pom
Download https://jcenter.bintray.com/com/android/tools/build/builder/1.5.0/builder-1.5.0.pom
Download https://jcenter.bintray.com/com/android/tools/lint/lint/24.5.0/lint-24.5.0.pom
Download https://jcenter.bintray.com/com/android/tools/build/transform-api/1.5.0/transform-api-1.5.0.pom
Download https://jcenter.bintray.com/com/android/databinding/compilerCommon/1.0-rc5/compilerCommon-1.0-rc5.pom
Download https://jcenter.bintray.com/net/sf/proguard/proguard-gradle/5.2.1/proguard-gradle-5.2.1.pom
Download https://jcenter.bintray.com/org/jacoco/org.jacoco.build/0.7.4.201502262128/org.jacoco.build-0.7.4.201502262128.pom
Download https://jcenter.bintray.com/com/android/tools/sdklib/24.5.0/sdklib-24.5.0.pom
Download https://jcenter.bintray.com/com/android/tools/sdk-common/24.5.0/sdk-common-24.5.0.pom
Download https://jcenter.bintray.com/com/android/tools/common/24.5.0/common-24.5.0.pom
Download https://jcenter.bintray.com/com/android/tools/jack/jack-api/0.9.0/jack-api-0.9.0.pom
Download https://jcenter.bintray.com/com/android/tools/jill/jill-api/0.9.0/jill-api-0.9.0.pom
Download https://jcenter.bintray.com/com/squareup/javawriter/2.5.0/javawriter-2.5.0.pom
Download https://jcenter.bintray.com/com/android/databinding/baseLibrary/1.0-rc5/baseLibrary-1.0-rc5.pom
Download https://jcenter.bintray.com/org/apache/commons/commons-lang3/3.3.2/commons-lang3-3.3.2.pom
Download https://jcenter.bintray.com/org/apache/commons/commons-parent/33/commons-parent-33.pom
Download https://jcenter.bintray.com/org/apache/apache/13/apache-13.pom
Download https://jcenter.bintray.com/com/tunnelvisionlabs/antlr4/4.5/antlr4-4.5.pom
Download https://jcenter.bintray.com/com/tunnelvisionlabs/antlr4-master/4.5/antlr4-master-4.5.pom
Download https://jcenter.bintray.com/commons-io/commons-io/2.4/commons-io-2.4.pom
Download https://jcenter.bintray.com/org/apache/commons/commons-parent/25/commons-parent-25.pom
Download https://jcenter.bintray.com/net/sf/proguard/proguard-base/5.2.1/proguard-base-5.2.1.pom
Download https://jcenter.bintray.com/org/ow2/asm/asm-debug-all/5.0.1/asm-debug-all-5.0.1.pom
Download https://jcenter.bintray.com/org/ow2/asm/asm-parent/5.0.1/asm-parent-5.0.1.pom
Download https://jcenter.bintray.com/com/android/tools/dvlib/24.5.0/dvlib-24.5.0.pom
Download https://jcenter.bintray.com/com/google/code/gson/gson/2.2.4/gson-2.2.4.pom
Download https://jcenter.bintray.com/org/apache/commons/commons-compress/1.8.1/commons-compress-1.8.1.pom
Download https://jcenter.bintray.com/org/apache/httpcomponents/httpcomponents-client/4.1.1/httpcomponents-client-4.1.1.pom
Download https://jcenter.bintray.com/org/apache/httpcomponents/project/4.1.1/project-4.1.1.pom
Download https://jcenter.bintray.com/com/android/tools/build/gradle-core/1.5.0/gradle-core-1.5.0.jar
Download https://jcenter.bintray.com/com/android/tools/build/builder/1.5.0/builder-1.5.0.jar
Download https://jcenter.bintray.com/com/android/tools/lint/lint/24.5.0/lint-24.5.0.jar
Download https://jcenter.bintray.com/com/android/tools/build/transform-api/1.5.0/transform-api-1.5.0.jar
Download https://jcenter.bintray.com/com/android/databinding/compilerCommon/1.0-rc5/compilerCommon-1.0-rc5.jar
Download https://jcenter.bintray.com/net/sf/proguard/proguard-gradle/5.2.1/proguard-gradle-5.2.1.jar
Download https://jcenter.bintray.com/org/jacoco/org.jacoco.core/0.7.4.201502262128/org.jacoco.core-0.7.4.201502262128.jar
Download https://jcenter.bintray.com/com/android/tools/build/builder-model/1.5.0/builder-model-1.5.0.jar
Download https://jcenter.bintray.com/com/android/tools/build/builder-test-api/1.5.0/builder-test-api-1.5.0.jar
Download https://jcenter.bintray.com/com/android/tools/sdklib/24.5.0/sdklib-24.5.0.jar
Download https://jcenter.bintray.com/com/android/tools/sdk-common/24.5.0/sdk-common-24.5.0.jar
Download https://jcenter.bintray.com/com/android/tools/common/24.5.0/common-24.5.0.jar
Download https://jcenter.bintray.com/com/android/tools/build/manifest-merger/24.5.0/manifest-merger-24.5.0.jar
Download https://jcenter.bintray.com/com/android/tools/ddms/ddmlib/24.5.0/ddmlib-24.5.0.jar
Download https://jcenter.bintray.com/com/android/tools/jack/jack-api/0.9.0/jack-api-0.9.0.jar
Download https://jcenter.bintray.com/com/android/tools/jill/jill-api/0.9.0/jill-api-0.9.0.jar
Download https://jcenter.bintray.com/com/squareup/javawriter/2.5.0/javawriter-2.5.0.jar
Download https://jcenter.bintray.com/org/bouncycastle/bcpkix-jdk15on/1.48/bcpkix-jdk15on-1.48.jar
Download https://jcenter.bintray.com/org/bouncycastle/bcprov-jdk15on/1.48/bcprov-jdk15on-1.48.jar
Download https://jcenter.bintray.com/org/ow2/asm/asm/5.0.3/asm-5.0.3.jar
Download https://jcenter.bintray.com/org/ow2/asm/asm-tree/5.0.3/asm-tree-5.0.3.jar
Download https://jcenter.bintray.com/org/antlr/antlr-runtime/3.5.2/antlr-runtime-3.5.2.jar
Download https://jcenter.bintray.com/org/antlr/antlr/3.5.2/antlr-3.5.2.jar
Download https://jcenter.bintray.com/com/android/tools/lint/lint-checks/24.5.0/lint-checks-24.5.0.jar
Download https://jcenter.bintray.com/org/eclipse/jdt/core/compiler/ecj/4.4.2/ecj-4.4.2.jar
Download https://jcenter.bintray.com/com/android/tools/annotations/24.5.0/annotations-24.5.0.jar
Download https://jcenter.bintray.com/com/google/guava/guava/17.0/guava-17.0.jar
Download https://jcenter.bintray.com/com/android/databinding/baseLibrary/1.0-rc5/baseLibrary-1.0-rc5.jar
Download https://jcenter.bintray.com/org/apache/commons/commons-lang3/3.3.2/commons-lang3-3.3.2.jar
Download https://jcenter.bintray.com/com/tunnelvisionlabs/antlr4/4.5/antlr4-4.5.jar
Download https://jcenter.bintray.com/commons-io/commons-io/2.4/commons-io-2.4.jar
Download https://jcenter.bintray.com/com/googlecode/juniversalchardet/juniversalchardet/1.0.3/juniversalchardet-1.0.3.jar
Download https://jcenter.bintray.com/net/sf/proguard/proguard-base/5.2.1/proguard-base-5.2.1.jar
Download https://jcenter.bintray.com/org/ow2/asm/asm-debug-all/5.0.1/asm-debug-all-5.0.1.jar
Download https://jcenter.bintray.com/org/apache/commons/commons-compress/1.8.1/commons-compress-1.8.1.jar
Download https://jcenter.bintray.com/org/antlr/ST4/4.0.8/ST4-4.0.8.jar
Download https://jcenter.bintray.com/org/ow2/asm/asm-analysis/5.0.3/asm-analysis-5.0.3.jar
Download https://jcenter.bintray.com/com/tunnelvisionlabs/antlr4-runtime/4.5/antlr4-runtime-4.5.jar
Download https://jcenter.bintray.com/com/android/tools/external/lombok/lombok-ast/0.2.3/lombok-ast-0.2.3.jar
Download https://jcenter.bintray.com/org/abego/treelayout/org.abego.treelayout.core/1.0.1/org.abego.treelayout.core-1.0.1.jar
Download https://jcenter.bintray.com/com/squareup/okhttp3/okhttp/3.2.0/okhttp-3.2.0.pom
Download https://jcenter.bintray.com/com/squareup/okhttp3/parent/3.2.0/parent-3.2.0.pom
Download https://jcenter.bintray.com/com/squareup/retrofit2/retrofit/2.0.0/retrofit-2.0.0.jar
Download https://jcenter.bintray.com/com/squareup/retrofit2/converter-gson/2.0.0/converter-gson-2.0.0.jar
Download https://jcenter.bintray.com/com/squareup/okhttp3/okhttp/3.2.0/okhttp-3.2.0.jar
Download https://jcenter.bintray.com/com/google/code/gson/gson/2.6.1/gson-2.6.1.jar
Download https://jcenter.bintray.com/com/squareup/okio/okio/1.6.0/okio-1.6.0.jar
Download https://jcenter.bintray.com/junit/junit/4.12/junit-4.12.pom
Download https://jcenter.bintray.com/org/hamcrest/hamcrest-core/1.3/hamcrest-core-1.3.pom
Download https://jcenter.bintray.com/org/hamcrest/hamcrest-parent/1.3/hamcrest-parent-1.3.pom
Download https://jcenter.bintray.com/junit/junit/4.12/junit-4.12.jar
Download https://jcenter.bintray.com/org/hamcrest/hamcrest-core/1.3/hamcrest-core-1.3.jar

BUILD SUCCESSFUL

Total time: 5 mins 55.903 secs
Download https://jcenter.bintray.com/junit/junit/4.12/junit-4.12-sources.jar
Download https://jcenter.bintray.com/org/hamcrest/hamcrest-core/1.3/hamcrest-core-1.3-sources.jar
Download https://jcenter.bintray.com/com/squareup/retrofit2/retrofit/2.0.0/retrofit-2.0.0-sources.jar
Download https://jcenter.bintray.com/com/squareup/retrofit2/converter-gson/2.0.0/converter-gson-2.0.0-sources.jar
Download https://jcenter.bintray.com/com/squareup/okhttp3/okhttp/3.2.0/okhttp-3.2.0-sources.jar
Download https://jcenter.bintray.com/com/google/code/gson/gson/2.6.1/gson-2.6.1-sources.jar
Download https://jcenter.bintray.com/com/squareup/okio/okio/1.6.0/okio-1.6.0-sources.jar
Download https://jcenter.bintray.com/com/android/tools/build/builder-model/1.5.0/builder-model-1.5.0-sources.jar
Download https://jcenter.bintray.com/com/android/tools/build/builder-test-api/1.5.0/builder-test-api-1.5.0-sources.jar
Download https://jcenter.bintray.com/com/android/tools/build/manifest-merger/24.5.0/manifest-merger-24.5.0-sources.jar
Download https://jcenter.bintray.com/com/android/tools/ddms/ddmlib/24.5.0/ddmlib-24.5.0-sources.jar
Download https://jcenter.bintray.com/org/bouncycastle/bcpkix-jdk15on/1.48/bcpkix-jdk15on-1.48-sources.jar
Download https://jcenter.bintray.com/org/bouncycastle/bcprov-jdk15on/1.48/bcprov-jdk15on-1.48-sources.jar
Download https://jcenter.bintray.com/org/ow2/asm/asm/5.0.3/asm-5.0.3-sources.jar
Download https://jcenter.bintray.com/org/ow2/asm/asm-tree/5.0.3/asm-tree-5.0.3-sources.jar
Download https://jcenter.bintray.com/org/antlr/antlr-runtime/3.5.2/antlr-runtime-3.5.2-sources.jar
Download https://jcenter.bintray.com/org/antlr/antlr/3.5.2/antlr-3.5.2-sources.jar
Download https://jcenter.bintray.com/com/android/tools/lint/lint-checks/24.5.0/lint-checks-24.5.0-sources.jar
Download https://jcenter.bintray.com/org/eclipse/jdt/core/compiler/ecj/4.4.2/ecj-4.4.2-sources.jar
Download https://jcenter.bintray.com/com/android/tools/annotations/24.5.0/annotations-24.5.0-sources.jar
Download https://jcenter.bintray.com/com/android/tools/layoutlib/layoutlib-api/24.5.0/layoutlib-api-24.5.0-sources.jar
Download https://jcenter.bintray.com/org/apache/httpcomponents/httpcore/4.1/httpcore-4.1-sources.jar
Download https://jcenter.bintray.com/commons-logging/commons-logging/1.1.1/commons-logging-1.1.1-sources.jar
Download https://jcenter.bintray.com/com/android/tools/external/lombok/lombok-ast/0.2.3/lombok-ast-0.2.3-sources.jar
23:46:46.002 [DEBUG] [org.gradle.cache.internal.DefaultFileLockManager] Releasing lock on cp_init class cache for initialization script 'C:\Users\Yosmany\AppData\Local\Temp\ijinit.gradle' (C:\.gradle\caches\2.8\scripts\ijinit_c1zh18n29bdbtrs8clvpxlkrn\cp_init).
23:46:46.002 [DEBUG] [org.gradle.cache.internal.DefaultFileLockManager] Releasing lock on init class cache for initialization script 'C:\Users\Yosmany\AppData\Local\Temp\ijinit.gradle' (C:\.gradle\caches\2.8\scripts\ijinit_c1zh18n29bdbtrs8clvpxlkrn\init).
23:46:46.002 [DEBUG] [org.gradle.cache.internal.DefaultFileLockManager] Releasing lock on cp_settings class cache for settings file 'C:\Users\Yosmany\IntelliJIDEAProjects\LoginDemo\settings.gradle' (C:\.gradle\caches\2.8\scripts\settings_al8sssrmuhisn5ih6gu95isei\cp_settings).
23:46:46.002 [DEBUG] [org.gradle.cache.internal.DefaultFileLockManager] Releasing lock on settings class cache for settings file 'C:\Users\Yosmany\IntelliJIDEAProjects\LoginDemo\settings.gradle' (C:\.gradle\caches\2.8\scripts\settings_al8sssrmuhisn5ih6gu95isei\settings).
23:46:46.002 [DEBUG] [org.gradle.cache.internal.DefaultFileLockManager] Releasing lock on cp_proj class cache for build file 'C:\Users\Yosmany\IntelliJIDEAProjects\LoginDemo\build.gradle' (C:\.gradle\caches\2.8\scripts\build_8n8gp6a5kgrsapf43rf7t0g6c\cp_proj).
23:46:46.002 [DEBUG] [org.gradle.cache.internal.DefaultFileLockManager] Releasing lock on proj class cache for build file 'C:\Users\Yosmany\IntelliJIDEAProjects\LoginDemo\build.gradle' (C:\.gradle\caches\2.8\scripts\build_8n8gp6a5kgrsapf43rf7t0g6c\proj).
23:46:46.002 [DEBUG] [org.gradle.cache.internal.DefaultFileLockManager] Releasing lock on cp_proj class cache for build file 'C:\Users\Yosmany\IntelliJIDEAProjects\LoginDemo\app\build.gradle' (C:\.gradle\caches\2.8\scripts\build_ebkpeqpuqt2isg6y1tzk27o1s\cp_proj).
23:46:46.002 [DEBUG] [org.gradle.cache.internal.DefaultFileLockManager] Releasing lock on proj class cache for build file 'C:\Users\Yosmany\IntelliJIDEAProjects\LoginDemo\app\build.gradle' (C:\.gradle\caches\2.8\scripts\build_ebkpeqpuqt2isg6y1tzk27o1s\proj).
23:46:46.002 [DEBUG] [org.gradle.cache.internal.DefaultFileLockManager] Releasing lock on jars (C:\.gradle\caches\jars-1).
23:46:46.002 [DEBUG] [org.gradle.api.internal.artifacts.ivyservice.ivyresolve.memcache.InMemoryCachedRepositoryFactory] In-memory dependency metadata cache closed. Repos cached: 26, cache instances: 2, modules served from cache: 138, artifacts: 59
23:46:46.002 [DEBUG] [org.gradle.api.internal.artifacts.ivyservice.resolveengine.store.CachedStoreFactory] Resolved configuration cache closed. Cache reads: 0, disk reads: 0 (avg: 0.0 secs, total: 0.0 secs)
23:46:46.018 [DEBUG] [org.gradle.api.internal.artifacts.ivyservice.resolveengine.store.CachedStoreFactory] Resolution result cache closed. Cache reads: 4, disk reads: 11 (avg: 0.002 secs, total: 0.03 secs)
23:46:46.018 [DEBUG] [org.gradle.api.internal.artifacts.ivyservice.resolveengine.store.ResolutionResultsStoreFactory] Deleted 2 resolution results binary files in 0.016 secs
23:46:46.018 [DEBUG] [org.gradle.cache.internal.btree.BTreePersistentIndexedCache] Closing cache artifact-at-url.bin (C:\.gradle\caches\modules-2\metadata-2.16\artifact-at-url.bin)
23:46:46.018 [DEBUG] [org.gradle.cache.internal.btree.BTreePersistentIndexedCache] Closing cache module-artifacts.bin (C:\.gradle\caches\modules-2\metadata-2.16\module-artifacts.bin)
23:46:46.018 [DEBUG] [org.gradle.cache.internal.btree.BTreePersistentIndexedCache] Closing cache artifact-at-repository.bin (C:\.gradle\caches\modules-2\metadata-2.16\artifact-at-repository.bin)
23:46:46.018 [DEBUG] [org.gradle.cache.internal.DefaultFileLockManager] Releasing lock on artifact cache (C:\.gradle\caches\modules-2).
23:46:46.033 [DEBUG] [org.gradle.cache.internal.DefaultCacheAccess] Cache artifact cache (C:\.gradle\caches\modules-2) was closed 147 times.
23:46:46.033 [DEBUG] [org.gradle.cache.internal.DefaultCacheAccess] Cache Plugin Resolution Cache (C:\.gradle\caches\2.8\plugin-resolution) was closed 0 times.
23:46:46.033 [DEBUG] [org.gradle.api.internal.tasks.compile.daemon.CompilerDaemonManager] Stopping 0 compiler daemon(s).
23:46:46.033 [INFO] [org.gradle.api.internal.tasks.compile.daemon.CompilerDaemonManager] Stopped 0 compiler daemon(s).
23:46:46.033 [DEBUG] [org.gradle.launcher.daemon.server.exec.ExecuteBuild] The daemon has finished executing the build.
23:46:46.486 [DEBUG] [org.gradle.launcher.daemon.server.DaemonStateCoordinator] Daemon is busy, sleeping until state changes.
23:46:46.486 [DEBUG] [org.gradle.launcher.daemon.server.DaemonStateCoordinator] Command execution: finished waiting for DaemonCommandExecution[command = Build{id=cb8359f6-06ab-490e-9c94-5b1a053bf6e0.1, currentDir=C:\Users\Yosmany\IntelliJIDEAProjects\LoginDemo}, connection = org.gradle.launcher.daemon.server.DefaultDaemonConnection@20ff6151]. Result org.gradle.launcher.daemon.server.DaemonStateCoordinator@76d39e45 with state Running
23:46:46.486 [DEBUG] [org.apache.http.impl.conn.PoolingClientConnectionManager] Connection manager is shutting down
23:46:46.486 [DEBUG] [org.gradle.launcher.daemon.server.DaemonStateCoordinator] Command execution: completed DaemonCommandExecution[command = Build{id=cb8359f6-06ab-490e-9c94-5b1a053bf6e0.1, currentDir=C:\Users\Yosmany\IntelliJIDEAProjects\LoginDemo}, connection = org.gradle.launcher.daemon.server.DefaultDaemonConnection@20ff6151]
23:46:46.486 [DEBUG] [org.gradle.launcher.daemon.server.DaemonStateCoordinator] updating lastActivityAt to 1467776806486
23:46:46.486 [DEBUG] [org.apache.http.impl.conn.DefaultClientConnection] Connection 0.0.0.0:56631<->108.168.243.150:443 closed
23:46:46.486 [DEBUG] [org.apache.http.impl.conn.DefaultClientConnection] Connection 0.0.0.0:56633<->104.73.37.106:443 closed
23:46:46.486 [INFO] [org.gradle.launcher.daemon.server.DomainRegistryUpdater] Marking the daemon as idle, address: [04e581f3-ea86-43db-9a96-04a2eaf76064 port:56464, addresses:[/127.0.0.1, /0:0:0:0:0:0:0:1]]
23:46:46.486 [DEBUG] [org.apache.http.impl.conn.DefaultClientConnection] Connection 0.0.0.0:56633<->104.73.37.106:443 closed
23:46:46.486 [DEBUG] [org.apache.http.impl.conn.DefaultClientConnection] Connection 0.0.0.0:56631<->108.168.243.150:443 closed
23:46:46.486 [DEBUG] [org.apache.http.impl.conn.PoolingClientConnectionManager] Connection manager shut down
23:46:46.486 [DEBUG] [org.apache.http.impl.conn.PoolingClientConnectionManager] Connection manager is shutting down
23:46:46.486 [DEBUG] [org.gradle.launcher.daemon.registry.PersistentDaemonRegistry] Marking idle by address: [04e581f3-ea86-43db-9a96-04a2eaf76064 port:56464, addresses:[/127.0.0.1, /0:0:0:0:0:0:0:1]]
23:46:46.486 [DEBUG] [org.apache.http.impl.conn.DefaultClientConnection] Connection 0.0.0.0:56629<->108.168.243.150:443 closed
23:46:46.486 [DEBUG] [org.apache.http.impl.conn.DefaultClientConnection] Connection 0.0.0.0:56629<->108.168.243.150:443 closed
23:46:46.486 [DEBUG] [org.apache.http.impl.conn.PoolingClientConnectionManager] Connection manager shut down
23:46:46.502 [DEBUG] [org.gradle.cache.internal.DefaultFileLockManager] Waiting to acquire exclusive lock on daemon addresses registry.
23:46:46.502 [DEBUG] [org.gradle.cache.internal.DefaultFileLockManager] Lock acquired.
23:46:46.502 [DEBUG] [org.gradle.cache.internal.DefaultFileLockManager] Releasing lock on daemon addresses registry.
23:46:46.518 [DEBUG] [org.gradle.launcher.daemon.server.DaemonStateCoordinator] Daemon is idle, sleeping until state change or idle timeout at Tue Jul 05 23:47:46 EDT 2016
23:46:46.518 [DEBUG] [org.gradle.launcher.daemon.server.exec.ReturnResult] Daemon is dispatching the build result: Success[value=org.gradle.tooling.internal.provider.BuildActionResult@6aa3bbae]
23:46:46.518 [DEBUG] [org.gradle.launcher.daemon.server.SynchronizedDispatchConnection] thread 15: dispatching class org.gradle.launcher.daemon.protocol.Success
23:46:46.518 [DEBUG] [org.gradle.launcher.daemon.server.DefaultIncomingConnectionHandler] Finishing executing command: Build{id=cb8359f6-06ab-490e-9c94-5b1a053bf6e0.1, currentDir=C:\Users\Yosmany\IntelliJIDEAProjects\LoginDemo}
23:46:46.565 [DEBUG] [org.gradle.launcher.daemon.server.SynchronizedDispatchConnection] thread 16: received class org.gradle.launcher.daemon.protocol.Finished
23:46:46.565 [DEBUG] [org.gradle.launcher.daemon.server.DefaultDaemonConnection] Received non-IO message from client: org.gradle.launcher.daemon.protocol.Finished@557f1ede
23:46:46.565 [DEBUG] [org.gradle.launcher.daemon.server.DefaultIncomingConnectionHandler] Received finished message: org.gradle.launcher.daemon.protocol.Finished@557f1ede
23:46:46.565 [DEBUG] [org.gradle.messaging.remote.internal.inet.SocketConnection] Discarding EOFException: java.io.EOFException
23:46:46.565 [DEBUG] [org.gradle.launcher.daemon.server.SynchronizedDispatchConnection] thread 16: received null
23:46:46.565 [DEBUG] [org.gradle.launcher.daemon.server.DefaultDaemonConnection] Received end-of-input from client.
23:46:46.565 [DEBUG] [org.gradle.launcher.daemon.server.SynchronizedDispatchConnection] thread 15: stopping connection
23:46:46.580 [DEBUG] [org.gradle.launcher.daemon.server.SynchronizedDispatchConnection] thread 15: stopping connection
23:47:46.487 [DEBUG] [org.gradle.launcher.daemon.server.DaemonStateCoordinator] Idle timeout: daemon has been idle for requested period. Stopping now.
23:47:46.487 [DEBUG] [org.gradle.launcher.daemon.server.DaemonStateCoordinator] Marking daemon stopped due to idle timeout. The daemon is running a build: false
23:47:46.487 [DEBUG] [org.gradle.launcher.daemon.server.Daemon] stop() called on daemon
23:47:46.487 [INFO] [org.gradle.launcher.daemon.server.Daemon] Stop requested. Daemon is removing its presence from the registry...
23:47:46.488 [DEBUG] [org.gradle.launcher.daemon.server.DomainRegistryUpdater] Removing our presence to clients, eg. removing this address from the registry: [04e581f3-ea86-43db-9a96-04a2eaf76064 port:56464, addresses:[/127.0.0.1, /0:0:0:0:0:0:0:1]]
23:47:46.488 [DEBUG] [org.gradle.launcher.daemon.registry.PersistentDaemonRegistry] Removing daemon address: [04e581f3-ea86-43db-9a96-04a2eaf76064 port:56464, addresses:[/127.0.0.1, /0:0:0:0:0:0:0:1]]
23:47:46.490 [DEBUG] [org.gradle.cache.internal.DefaultFileLockManager] Waiting to acquire exclusive lock on daemon addresses registry.
23:47:46.490 [DEBUG] [org.gradle.cache.internal.DefaultFileLockManager] Lock acquired.
23:47:46.499 [DEBUG] [org.gradle.cache.internal.DefaultFileLockManager] Releasing lock on daemon addresses registry.
23:47:46.502 [DEBUG] [org.gradle.launcher.daemon.server.DomainRegistryUpdater] Address removed from registry.
Daemon vm is shutting down... The daemon has exited normally or was terminated in response to a user interrupt.
23:47:46.504 [DEBUG] [org.gradle.launcher.daemon.registry.PersistentDaemonRegistry] Removing daemon address: [04e581f3-ea86-43db-9a96-04a2eaf76064 port:56464, addresses:[/127.0.0.1, /0:0:0:0:0:0:0:1]]
23:47:46.505 [DEBUG] [org.gradle.cache.internal.DefaultFileLockManager] Waiting to acquire exclusive lock on daemon addresses registry.
23:47:46.505 [DEBUG] [org.gradle.cache.internal.DefaultFileLockManager] Lock acquired.
23:47:46.508 [DEBUG] [org.gradle.cache.internal.DefaultFileLockManager] Releasing lock on daemon addresses registry.
